slurmstepd: info: Setting TMPDIR to /scratch/6504278. Previous errors about TMPDIR can be discarded
binutils/2.31.1 loaded 
gcc/6.4.0 loaded 
openblas/0.3.9 loaded 
fftw/3.3.8 loaded 
sed/4.5 loaded 
bzip2/1.0.6 loaded 
zlib/1.2.11 loaded 
pcre/8.42 loaded 
grep/3.1 loaded 
ncurses/6.1 loaded 
libreadline/7.0 loaded 
gawk/4.2.1 loaded 
tar/1.30 loaded 
coreutils/8.30 loaded 
findutils/4.6.0 loaded 
gmp/6.1.2 loaded 
nettle/3.4 loaded 
expat/2.2.6 loaded 
libpng/1.6.37 loaded 
freetype/2.9.1 loaded 
fontconfig/2.13.1 loaded 
libgpg-error/1.32 loaded 
libgcrypt/1.8.3 loaded 
libxslt/1.1.32 loaded 
x11/20180604 loaded 
libdrm/2.4.94 loaded 
llvm/6.0.1 loaded 
mesa/18.3.6 loaded 
libglu/9.0.0 loaded 
pixman/0.34.0 loaded 
libffi/3.2.1 loaded 
xz/5.2.4 loaded 
libxml2/2.9.7 loaded 
gettext/0.19.8.1 loaded 
dbus/1.13.6 loaded 
util-linux/2.32 loaded 
glib/2.58.0 loaded 
cairo/1.14.12 loaded 
libreadline/7.0 unloaded 
libreadline/8.0 loaded 
tcl/8.6.8 loaded 
sqlite/3.30.1 loaded 
pcre2/10.32 loaded 
nasm/2.13.03 loaded 
libjpeg-turbo/2.0.4 loaded 
libtiff/4.1.0 loaded 
jdk/8u181 loaded 
tk/8.6.8 loaded 
openssl/1.1.0i loaded 
curl/7.61.1 loaded 
gsl/2.6 loaded 
cairo/1.14.12 unloaded 
pixman/0.34.0 unloaded 
pixman/0.38.4 loaded 
glib/2.58.0 unloaded 
libxslt/1.1.32 unloaded 
libxml2/2.9.7 unloaded 
icu/63.1 loaded 
libxml2/2.9.7-icu-63.1 loaded 
libxslt/1.1.32-icu-63.1 loaded 
glib/2.58.2 loaded 
cairo/1.16.0 loaded 
harfbuzz/2.5.3 loaded 
gobject-introspection/1.61.1 loaded 
fribidi/1.0.4 loaded 
pango/1.43.0 loaded 
texlive/2018 loaded 
R/4.0.2 loaded 
[1] "   total nodes in final route  ---> 101"
[1] "   n  ---> 101"
[1] "   n1 ---> 50"
[1] "   NUMBER OF ERRORS -> 0"
[1] "l  ---> 101"
[1] "n  ---> 101"
[1] "n1 ---> 50"
[1] "END CW Algorithm"
[1] "Result: instances/CHAO_TTRP_20.txt"
[1] "    Cost 1176.79577982376"
[1] "    Time 19.2855186462402 seconds"
[1] "    N trucks 10"
[1] "    N trailers 5"
[1] "    PTR 5"
[1] "    PVR 0"
[1] "    CVR 5"
[1] "    Route:  0 2 57 56 32 51 52 49 46 48 0 5 4 59 60 9 6 5 10 8 7 3 1 0 12 11 14 16 17 72 71 15 13 11 45 44 43 0 18 74 75 76 78 77 80 20 19 21 81 79 18 63 64 58 54 53 55 18 0 24 85 83 22 23 82 0 34 33 97 95 30 27 28 94 96 34 0 41 36 35 37 38 100 47 50 38 39 40 99 98 40 42 0 62 61 93 91 25 88 90 92 0 65 68 66 67 70 69 0 73 86 84 26 89 87 29 31 0"
[1] ""
[1] "[[ Stopping criteria ]] Max time"
[1] "Problem 20| type_problem TTRP| descent 0| init cost (CW): 1176.79577982376| cost ALNS: 1010.3450514497"
[1] "[[ Stopping criteria ]] Max time"
[1] "Problem 20| type_problem TTRP| descent 0| init cost (CW): 1176.79577982376| cost ALNS: 1121.62426093386"
[1] "[[ Stopping criteria ]] Max time"
[1] "Problem 20| type_problem TTRP| descent 0| init cost (CW): 1176.79577982376| cost ALNS: 1110.54323119883"
[1] "[[ Stopping criteria ]] Max time"
[1] "Problem 20| type_problem TTRP| descent 0| init cost (CW): 1176.79577982376| cost ALNS: 1064.68079888603"
[1] "[[ Stopping criteria ]] Max time"
[1] "Problem 20| type_problem TTRP| descent 0| init cost (CW): 1176.79577982376| cost ALNS: 1007.17098553766"
[1] "[[ Stopping criteria ]] Max time"
[1] "Problem 20| type_problem TTRP| descent 0| init cost (CW): 1176.79577982376| cost ALNS: 1117.7867159462"
[1] "[[ Stopping criteria ]] Max time"
[1] "Problem 20| type_problem TTRP| descent 0| init cost (CW): 1176.79577982376| cost ALNS: 1115.46346360535"
[1] "[[ Stopping criteria ]] Max time"
[1] "Problem 20| type_problem TTRP| descent 0| init cost (CW): 1176.79577982376| cost ALNS: 1046.44370461432"
[1] "[[ Stopping criteria ]] Max time"
[1] "Problem 20| type_problem TTRP| descent 0| init cost (CW): 1176.79577982376| cost ALNS: 918.217390226177"
[1] "[[ Stopping criteria ]] Max time"
[1] "Problem 20| type_problem TTRP| descent 0| init cost (CW): 1176.79577982376| cost ALNS: 1063.30569335644"
