slurmstepd: info: Setting TMPDIR to /scratch/6505405. Previous errors about TMPDIR can be discarded
binutils/2.31.1 loaded 
gcc/6.4.0 loaded 
openblas/0.3.9 loaded 
fftw/3.3.8 loaded 
sed/4.5 loaded 
bzip2/1.0.6 loaded 
zlib/1.2.11 loaded 
pcre/8.42 loaded 
grep/3.1 loaded 
ncurses/6.1 loaded 
libreadline/7.0 loaded 
gawk/4.2.1 loaded 
tar/1.30 loaded 
coreutils/8.30 loaded 
findutils/4.6.0 loaded 
gmp/6.1.2 loaded 
nettle/3.4 loaded 
expat/2.2.6 loaded 
libpng/1.6.37 loaded 
freetype/2.9.1 loaded 
fontconfig/2.13.1 loaded 
libgpg-error/1.32 loaded 
libgcrypt/1.8.3 loaded 
libxslt/1.1.32 loaded 
x11/20180604 loaded 
libdrm/2.4.94 loaded 
llvm/6.0.1 loaded 
mesa/18.3.6 loaded 
libglu/9.0.0 loaded 
pixman/0.34.0 loaded 
libffi/3.2.1 loaded 
xz/5.2.4 loaded 
libxml2/2.9.7 loaded 
gettext/0.19.8.1 loaded 
dbus/1.13.6 loaded 
util-linux/2.32 loaded 
glib/2.58.0 loaded 
cairo/1.14.12 loaded 
libreadline/7.0 unloaded 
libreadline/8.0 loaded 
tcl/8.6.8 loaded 
sqlite/3.30.1 loaded 
pcre2/10.32 loaded 
nasm/2.13.03 loaded 
libjpeg-turbo/2.0.4 loaded 
libtiff/4.1.0 loaded 
jdk/8u181 loaded 
tk/8.6.8 loaded 
openssl/1.1.0i loaded 
curl/7.61.1 loaded 
gsl/2.6 loaded 
cairo/1.14.12 unloaded 
pixman/0.34.0 unloaded 
pixman/0.38.4 loaded 
glib/2.58.0 unloaded 
libxslt/1.1.32 unloaded 
libxml2/2.9.7 unloaded 
icu/63.1 loaded 
libxml2/2.9.7-icu-63.1 loaded 
libxslt/1.1.32-icu-63.1 loaded 
glib/2.58.2 loaded 
cairo/1.16.0 loaded 
harfbuzz/2.5.3 loaded 
gobject-introspection/1.61.1 loaded 
fribidi/1.0.4 loaded 
pango/1.43.0 loaded 
texlive/2018 loaded 
R/4.0.2 loaded 
WARNING: ignoring environment value of R_HOME
[1] "init descent_search"
[1] "it 1336.64959222336 < 1339.59042231056 mov exchange_vc_two_routes indexr1 8 indexr2 14 mov_list_cost 1336.64959222336 mov_list_cost_feas 1.38033549827663e+219 mov_list$opt_reconf 0"
[1] "it 1336.45869183938 < 1336.30718153446 mov exchange_vc_two_routes indexr1 2 indexr2 6 mov_list_cost 1336.45869183938 mov_list_cost_feas 0 mov_list$opt_reconf 0"
[1] "   total nodes in final route  ---> 151"
[1] "   n  ---> 151"
[1] "   n1 ---> 113"
[1] "   NUMBER OF ERRORS -> 0"
[1] "l  ---> 151"
[1] "n  ---> 151"
[1] "n1 ---> 113"
[1] "CW Result: instances/CHAO_MCTTRP_10.txt"
[1] "    Cost 1336.30718153446"
[1] "    Time 131.753018856049 seconds"
[1] "    N trucks 18"
[1] "    N trailers 9"
[1] "    PTR 9"
[1] "    PVR 8"
[1] "    CVR 1"
[1] "    Route:  0 126 100 19 119 141 133 26 2 0 58 90 132 130 134 150 8 0 9 66 32 107 33 11 44 109 103 0 17 54 57 43 18 51 29 105 3 85 0 22 146 131 1 86 0 23 104 84 99 42 20 113 21 80 41 0 30 55 56 147 118 31 110 139 114 45 0 5 95 15 82 7 48 37 108 28 35 96 34 0 38 78 39 79 53 102 49 50 98 16 24 94 0 46 12 88 13 63 4 0 14 62 142 125 116 89 14 0 91 75 76 70 64 71 72 87 0 106 65 148 123 124 92 10 0 97 25 67 112 47 36 61 81 40 111 0 115 74 138 137 127 136 122 135 73 0 117 83 143 129 69 120 145 52 77 0 144 59 27 121 101 6 93 60 0 149 140 128 68 0"
[1] ""
[1] "[[ Stopping criteria ]] Max time"
[1] "Problem 10| type_problem MCTTRP| descent 1| init cost (CW): 1336.30718153446| cost ALNS: 1336.30718153446"
[1] "[[ Stopping criteria ]] Max time"
[1] "Problem 10| type_problem MCTTRP| descent 1| init cost (CW): 1336.30718153446| cost ALNS: 1336.30718153446"
[1] "[[ Stopping criteria ]] Max time"
[1] "Problem 10| type_problem MCTTRP| descent 1| init cost (CW): 1336.30718153446| cost ALNS: 1336.30718153446"
[1] "[[ Stopping criteria ]] Max time"
[1] "Problem 10| type_problem MCTTRP| descent 1| init cost (CW): 1336.30718153446| cost ALNS: 1330.41359540888"
[1] "[[ Stopping criteria ]] Max time"
[1] "Problem 10| type_problem MCTTRP| descent 1| init cost (CW): 1336.30718153446| cost ALNS: 1336.30718153446"
[1] "[[ Stopping criteria ]] Max time"
[1] "Problem 10| type_problem MCTTRP| descent 1| init cost (CW): 1336.30718153446| cost ALNS: 1336.30718153446"
[1] "[[ Stopping criteria ]] Max time"
[1] "Problem 10| type_problem MCTTRP| descent 1| init cost (CW): 1336.30718153446| cost ALNS: 1324.716545923"
[1] "[[ Stopping criteria ]] Max time"
[1] "Problem 10| type_problem MCTTRP| descent 1| init cost (CW): 1336.30718153446| cost ALNS: 1336.30718153446"
[1] "[[ Stopping criteria ]] Max time"
[1] "Problem 10| type_problem MCTTRP| descent 1| init cost (CW): 1336.30718153446| cost ALNS: 1327.9100670771"
[1] "[[ Stopping criteria ]] Max time"
[1] "Problem 10| type_problem MCTTRP| descent 1| init cost (CW): 1336.30718153446| cost ALNS: 1336.30718153446"
