slurmstepd: info: Setting TMPDIR to /scratch/6505407. Previous errors about TMPDIR can be discarded
binutils/2.31.1 loaded 
gcc/6.4.0 loaded 
openblas/0.3.9 loaded 
fftw/3.3.8 loaded 
sed/4.5 loaded 
bzip2/1.0.6 loaded 
zlib/1.2.11 loaded 
pcre/8.42 loaded 
grep/3.1 loaded 
ncurses/6.1 loaded 
libreadline/7.0 loaded 
gawk/4.2.1 loaded 
tar/1.30 loaded 
coreutils/8.30 loaded 
findutils/4.6.0 loaded 
gmp/6.1.2 loaded 
nettle/3.4 loaded 
expat/2.2.6 loaded 
libpng/1.6.37 loaded 
freetype/2.9.1 loaded 
fontconfig/2.13.1 loaded 
libgpg-error/1.32 loaded 
libgcrypt/1.8.3 loaded 
libxslt/1.1.32 loaded 
x11/20180604 loaded 
libdrm/2.4.94 loaded 
llvm/6.0.1 loaded 
mesa/18.3.6 loaded 
libglu/9.0.0 loaded 
pixman/0.34.0 loaded 
libffi/3.2.1 loaded 
xz/5.2.4 loaded 
libxml2/2.9.7 loaded 
gettext/0.19.8.1 loaded 
dbus/1.13.6 loaded 
util-linux/2.32 loaded 
glib/2.58.0 loaded 
cairo/1.14.12 loaded 
libreadline/7.0 unloaded 
libreadline/8.0 loaded 
tcl/8.6.8 loaded 
sqlite/3.30.1 loaded 
pcre2/10.32 loaded 
nasm/2.13.03 loaded 
libjpeg-turbo/2.0.4 loaded 
libtiff/4.1.0 loaded 
jdk/8u181 loaded 
tk/8.6.8 loaded 
openssl/1.1.0i loaded 
curl/7.61.1 loaded 
gsl/2.6 loaded 
cairo/1.14.12 unloaded 
pixman/0.34.0 unloaded 
pixman/0.38.4 loaded 
glib/2.58.0 unloaded 
libxslt/1.1.32 unloaded 
libxml2/2.9.7 unloaded 
icu/63.1 loaded 
libxml2/2.9.7-icu-63.1 loaded 
libxslt/1.1.32-icu-63.1 loaded 
glib/2.58.2 loaded 
cairo/1.16.0 loaded 
harfbuzz/2.5.3 loaded 
gobject-introspection/1.61.1 loaded 
fribidi/1.0.4 loaded 
pango/1.43.0 loaded 
texlive/2018 loaded 
R/4.0.2 loaded 
WARNING: ignoring environment value of R_HOME
[1] "init descent_search"
[1] "it 1699.10101329181 < 1721.88442584688 mov exchange_tc_two_routes indexr1 2 indexr2 4 mov_list_cost 1699.10101329181 mov_list_cost_feas 4.9099479906387e+252 mov_list$opt_reconf 0"
[1] "it 1665.84041961523 < 1698.38808743475 mov move_tc indexr1 4 indexr2 5 mov_list_cost 1665.84041961523 mov_list_cost_feas 0 mov_list$opt_reconf 0"
[1] "it 1659.38631310728 < 1665.84041961523 mov exchange_vc_two_routes indexr1 1 indexr2 2 mov_list_cost 1659.38631310728 mov_list_cost_feas 4.9099479906387e+252 mov_list$opt_reconf 0"
[1] "it 1653.76854193967 < 1659.38631310728 mov exchange_tc_two_routes indexr1 5 indexr2 15 mov_list_cost 1653.76854193967 mov_list_cost_feas 0 mov_list$opt_reconf 0"
[1] "it 1648.52330378787 < 1653.76854193967 mov move_subroute_same_route indexr1 2 indexr2 0 mov_list_cost 1648.52330378787 mov_list_cost_feas 4.9099479906387e+252 mov_list$opt_reconf 1"
[1] "it 1642.38238502909 < 1648.52330378787 mov move_tc indexr1 15 indexr2 2 mov_list_cost 1642.38238502909 mov_list_cost_feas 4.9099479906387e+252 mov_list$opt_reconf 0"
[1] "it 1631.75626938086 < 1642.38238502909 mov move_tc indexr1 5 indexr2 15 mov_list_cost 1631.75626938086 mov_list_cost_feas 0 mov_list$opt_reconf 0"
[1] "it 1628.95536108267 < 1631.75626938086 mov exchange_tc_two_routes indexr1 11 indexr2 17 mov_list_cost 1628.95536108267 mov_list_cost_feas 2.26698339801748e+232 mov_list$opt_reconf 0"
[1] "it 1627.27903327116 < 1628.95536108267 mov move_vc indexr1 15 indexr2 1 mov_list_cost 1627.27903327116 mov_list_cost_feas 0 mov_list$opt_reconf 0"
[1] "it 1624.95823613033 < 1627.27903327116 mov move_tc indexr1 17 indexr2 15 mov_list_cost 1624.95823613033 mov_list_cost_feas 0 mov_list$opt_reconf 0"
[1] "it 1620.1662574002 < 1624.95823613034 mov move_tc indexr1 9 indexr2 17 mov_list_cost 1620.1662574002 mov_list_cost_feas 2.5438864941344e+179 mov_list$opt_reconf 0"
[1] "it 1612.90890056963 < 1620.1662574002 mov move_tc indexr1 13 indexr2 9 mov_list_cost 1612.90890056963 mov_list_cost_feas 2.3483598415815e+214 mov_list$opt_reconf 0"
[1] "it 1612.11150831323 < 1612.90890056963 mov exchange_tc_two_routes indexr1 1 indexr2 16 mov_list_cost 1612.11150831323 mov_list_cost_feas 0 mov_list$opt_reconf 0"
[1] "it 1612.07718143644 < 1612.11150831323 mov exchange_tc_two_routes indexr1 9 indexr2 18 mov_list_cost 1612.07718143644 mov_list_cost_feas 2.5438864941344e+179 mov_list$opt_reconf 0"
[1] "it 1608.94015285393 < 1610.12535366049 mov exchange_tc_two_routes indexr1 5 indexr2 18 mov_list_cost 1608.94015285393 mov_list_cost_feas 0 mov_list$opt_reconf 0"
[1] "it 1608.90506388046 < 1608.94015285393 mov move_tc indexr1 14 indexr2 9 mov_list_cost 1608.90506388046 mov_list_cost_feas 2.5438864941344e+179 mov_list$opt_reconf 0"
[1] "it 1608.79738497126 < 1608.90506388047 mov move_tc indexr1 8 indexr2 14 mov_list_cost 1608.79738497126 mov_list_cost_feas 0 mov_list$opt_reconf 0"
[1] "it 1608.80455774703 < 1608.79738497126 mov move_tc indexr1 7 indexr2 8 mov_list_cost 1608.80455774703 mov_list_cost_feas 0 mov_list$opt_reconf 0"
[1] "   total nodes in final route  ---> 151"
[1] "   n  ---> 151"
[1] "   n1 ---> 38"
[1] "   NUMBER OF ERRORS -> 0"
[1] "l  ---> 151"
[1] "n  ---> 151"
[1] "n1 ---> 38"
[1] "CW Result: instances/CHAO_MCTTRP_12.txt"
[1] "    Cost 1608.79738497126"
[1] "    Time 253.896760702133 seconds"
[1] "    N trucks 18"
[1] "    N trailers 6"
[1] "    PTR 12"
[1] "    PVR 0"
[1] "    CVR 6"
[1] "    Route:  0 14 148 116 53 128 12 24 44 14 33 17 0 4 26 3 27 72 143 142 68 51 124 27 10 2 16 0 25 130 73 11 45 119 115 146 0 36 58 149 41 30 55 70 114 36 0 43 106 113 109 103 81 50 0 49 118 150 95 85 121 92 0 59 34 63 86 136 31 60 0 76 112 65 96 127 62 0 7 22 19 20 32 77 138 66 139 54 132 87 100 32 0 15 79 57 141 69 21 5 15 0 89 88 90 91 137 56 9 38 120 0 93 40 126 61 6 35 134 78 0 1 94 133 23 125 46 29 13 1 0 111 135 64 28 84 131 117 47 99 0 105 102 67 110 101 52 97 108 0 83 48 18 75 37 8 74 129 0 140 39 80 145 71 144 98 107 122 0 147 82 123 42 104 0"
[1] ""
[1] "[[ Stopping criteria ]] Max time"
[1] "Problem 12| type_problem MCTTRP| descent 1| init cost (CW): 1608.79738497126| cost ALNS: 1494.92229411068"
[1] "[[ Stopping criteria ]] Max time"
[1] "Problem 12| type_problem MCTTRP| descent 1| init cost (CW): 1608.79738497126| cost ALNS: 1525.81533497061"
[1] "[[ Stopping criteria ]] Max time"
[1] "Problem 12| type_problem MCTTRP| descent 1| init cost (CW): 1608.79738497126| cost ALNS: 1546.78331074335"
[1] "[[ Stopping criteria ]] Max time"
[1] "Problem 12| type_problem MCTTRP| descent 1| init cost (CW): 1608.79738497126| cost ALNS: 1494.58392460826"
[1] "[[ Stopping criteria ]] Max time"
[1] "Problem 12| type_problem MCTTRP| descent 1| init cost (CW): 1608.79738497126| cost ALNS: 1532.62132312944"
[1] "[[ Stopping criteria ]] Max time"
[1] "Problem 12| type_problem MCTTRP| descent 1| init cost (CW): 1608.79738497126| cost ALNS: 1557.40246134834"
[1] "[[ Stopping criteria ]] Max time"
[1] "Problem 12| type_problem MCTTRP| descent 1| init cost (CW): 1608.79738497126| cost ALNS: 1505.01262235336"
[1] "[[ Stopping criteria ]] Max time"
[1] "Problem 12| type_problem MCTTRP| descent 1| init cost (CW): 1608.79738497126| cost ALNS: 1568.05922746415"
[1] "[[ Stopping criteria ]] Max time"
[1] "Problem 12| type_problem MCTTRP| descent 1| init cost (CW): 1608.79738497126| cost ALNS: 1532.81838758546"
[1] "[[ Stopping criteria ]] Max time"
[1] "Problem 12| type_problem MCTTRP| descent 1| init cost (CW): 1608.79738497126| cost ALNS: 1570.13063520098"
