slurmstepd: info: Setting TMPDIR to /scratch/6504274. Previous errors about TMPDIR can be discarded
binutils/2.31.1 loaded 
gcc/6.4.0 loaded 
openblas/0.3.9 loaded 
fftw/3.3.8 loaded 
sed/4.5 loaded 
bzip2/1.0.6 loaded 
zlib/1.2.11 loaded 
pcre/8.42 loaded 
grep/3.1 loaded 
ncurses/6.1 loaded 
libreadline/7.0 loaded 
gawk/4.2.1 loaded 
tar/1.30 loaded 
coreutils/8.30 loaded 
findutils/4.6.0 loaded 
gmp/6.1.2 loaded 
nettle/3.4 loaded 
expat/2.2.6 loaded 
libpng/1.6.37 loaded 
freetype/2.9.1 loaded 
fontconfig/2.13.1 loaded 
libgpg-error/1.32 loaded 
libgcrypt/1.8.3 loaded 
libxslt/1.1.32 loaded 
x11/20180604 loaded 
libdrm/2.4.94 loaded 
llvm/6.0.1 loaded 
mesa/18.3.6 loaded 
libglu/9.0.0 loaded 
pixman/0.34.0 loaded 
libffi/3.2.1 loaded 
xz/5.2.4 loaded 
libxml2/2.9.7 loaded 
gettext/0.19.8.1 loaded 
dbus/1.13.6 loaded 
util-linux/2.32 loaded 
glib/2.58.0 loaded 
cairo/1.14.12 loaded 
libreadline/7.0 unloaded 
libreadline/8.0 loaded 
tcl/8.6.8 loaded 
sqlite/3.30.1 loaded 
pcre2/10.32 loaded 
nasm/2.13.03 loaded 
libjpeg-turbo/2.0.4 loaded 
libtiff/4.1.0 loaded 
jdk/8u181 loaded 
tk/8.6.8 loaded 
openssl/1.1.0i loaded 
curl/7.61.1 loaded 
gsl/2.6 loaded 
cairo/1.14.12 unloaded 
pixman/0.34.0 unloaded 
pixman/0.38.4 loaded 
glib/2.58.0 unloaded 
libxslt/1.1.32 unloaded 
libxml2/2.9.7 unloaded 
icu/63.1 loaded 
libxml2/2.9.7-icu-63.1 loaded 
libxslt/1.1.32-icu-63.1 loaded 
glib/2.58.2 loaded 
cairo/1.16.0 loaded 
harfbuzz/2.5.3 loaded 
gobject-introspection/1.61.1 loaded 
fribidi/1.0.4 loaded 
pango/1.43.0 loaded 
texlive/2018 loaded 
R/4.0.2 loaded 
[1] "   total nodes in final route  ---> 121"
[1] "   n  ---> 121"
[1] "   n1 ---> 90"
[1] "   NUMBER OF ERRORS -> 0"
[1] "l  ---> 121"
[1] "n  ---> 121"
[1] "n1 ---> 90"
[1] "END CW Algorithm"
[1] "Result: instances/CHAO_TTRP_16.txt"
[1] "    Cost 1392.45709801382"
[1] "    Time 42.8135588169098 seconds"
[1] "    N trucks 7"
[1] "    N trailers 4"
[1] "    PTR 3"
[1] "    PVR 1"
[1] "    CVR 3"
[1] "    Route:  0 7 11 12 15 27 28 29 32 31 34 37 36 39 40 41 38 35 33 30 0 42 48 44 45 47 49 46 107 106 105 104 42 19 17 13 16 18 14 0 65 88 80 4 5 93 94 95 10 9 8 6 81 65 100 99 21 26 20 23 25 24 22 98 97 114 65 0 67 62 83 64 113 112 115 116 68 117 72 74 75 118 78 0 77 73 86 50 54 56 108 109 53 52 76 77 90 89 63 119 111 66 69 77 0 82 71 51 60 43 101 102 103 61 59 58 57 55 79 0 87 120 110 2 1 91 92 3 96 84 85 70 0"
[1] ""
[1] "[[ Stopping criteria ]] Max time"
[1] "Problem 16| type_problem TTRP| descent 0| init cost (CW): 1392.45709801382| cost ALNS: 1370.60872977693"
[1] "[[ Stopping criteria ]] Max time"
[1] "Problem 16| type_problem TTRP| descent 0| init cost (CW): 1392.45709801382| cost ALNS: 1349.28675125798"
[1] "[[ Stopping criteria ]] Max time"
[1] "Problem 16| type_problem TTRP| descent 0| init cost (CW): 1392.45709801382| cost ALNS: 1286.95299359763"
[1] "[[ Stopping criteria ]] Max time"
[1] "Problem 16| type_problem TTRP| descent 0| init cost (CW): 1392.45709801382| cost ALNS: 1349.10367734783"
[1] "[[ Stopping criteria ]] Max time"
[1] "Problem 16| type_problem TTRP| descent 0| init cost (CW): 1392.45709801382| cost ALNS: 1341.24748897945"
[1] "[[ Stopping criteria ]] Max time"
[1] "Problem 16| type_problem TTRP| descent 0| init cost (CW): 1392.45709801382| cost ALNS: 1292.40564737654"
[1] "[[ Stopping criteria ]] Max time"
[1] "Problem 16| type_problem TTRP| descent 0| init cost (CW): 1392.45709801382| cost ALNS: 1317.57094753929"
[1] "[[ Stopping criteria ]] Max time"
[1] "Problem 16| type_problem TTRP| descent 0| init cost (CW): 1392.45709801382| cost ALNS: 1291.60643994252"
[1] "[[ Stopping criteria ]] Max time"
[1] "Problem 16| type_problem TTRP| descent 0| init cost (CW): 1392.45709801382| cost ALNS: 1321.58198917936"
[1] "[[ Stopping criteria ]] Max time"
[1] "Problem 16| type_problem TTRP| descent 0| init cost (CW): 1392.45709801382| cost ALNS: 1319.28273160503"
