slurmstepd: info: Setting TMPDIR to /scratch/6505416. Previous errors about TMPDIR can be discarded
binutils/2.31.1 loaded 
gcc/6.4.0 loaded 
openblas/0.3.9 loaded 
fftw/3.3.8 loaded 
sed/4.5 loaded 
bzip2/1.0.6 loaded 
zlib/1.2.11 loaded 
pcre/8.42 loaded 
grep/3.1 loaded 
ncurses/6.1 loaded 
libreadline/7.0 loaded 
gawk/4.2.1 loaded 
tar/1.30 loaded 
coreutils/8.30 loaded 
findutils/4.6.0 loaded 
gmp/6.1.2 loaded 
nettle/3.4 loaded 
expat/2.2.6 loaded 
libpng/1.6.37 loaded 
freetype/2.9.1 loaded 
fontconfig/2.13.1 loaded 
libgpg-error/1.32 loaded 
libgcrypt/1.8.3 loaded 
libxslt/1.1.32 loaded 
x11/20180604 loaded 
libdrm/2.4.94 loaded 
llvm/6.0.1 loaded 
mesa/18.3.6 loaded 
libglu/9.0.0 loaded 
pixman/0.34.0 loaded 
libffi/3.2.1 loaded 
xz/5.2.4 loaded 
libxml2/2.9.7 loaded 
gettext/0.19.8.1 loaded 
dbus/1.13.6 loaded 
util-linux/2.32 loaded 
glib/2.58.0 loaded 
cairo/1.14.12 loaded 
libreadline/7.0 unloaded 
libreadline/8.0 loaded 
tcl/8.6.8 loaded 
sqlite/3.30.1 loaded 
pcre2/10.32 loaded 
nasm/2.13.03 loaded 
libjpeg-turbo/2.0.4 loaded 
libtiff/4.1.0 loaded 
jdk/8u181 loaded 
tk/8.6.8 loaded 
openssl/1.1.0i loaded 
curl/7.61.1 loaded 
gsl/2.6 loaded 
cairo/1.14.12 unloaded 
pixman/0.34.0 unloaded 
pixman/0.38.4 loaded 
glib/2.58.0 unloaded 
libxslt/1.1.32 unloaded 
libxml2/2.9.7 unloaded 
icu/63.1 loaded 
libxml2/2.9.7-icu-63.1 loaded 
libxslt/1.1.32-icu-63.1 loaded 
glib/2.58.2 loaded 
cairo/1.16.0 loaded 
harfbuzz/2.5.3 loaded 
gobject-introspection/1.61.1 loaded 
fribidi/1.0.4 loaded 
pango/1.43.0 loaded 
texlive/2018 loaded 
R/4.0.2 loaded 
WARNING: ignoring environment value of R_HOME
[1] "init descent_search"
[1] "it 1095.77043385603 < 1100.95005769071 mov exchange_tc_two_routes indexr1 7 indexr2 9 mov_list_cost 1095.77043385603 mov_list_cost_feas 0 mov_list$opt_reconf 0"
[1] "it 1093.65983363664 < 1095.77043385603 mov exchange_tc_two_routes indexr1 7 indexr2 9 mov_list_cost 1093.65983363664 mov_list_cost_feas 0 mov_list$opt_reconf 0"
[1] "it 1093.78612001553 < 1093.65983363664 mov exchange_tc_two_routes indexr1 10 indexr2 12 mov_list_cost 1093.78612001553 mov_list_cost_feas 0 mov_list$opt_reconf 0"
[1] "   total nodes in final route  ---> 101"
[1] "   n  ---> 101"
[1] "   n1 ---> 25"
[1] "   NUMBER OF ERRORS -> 0"
[1] "l  ---> 101"
[1] "n  ---> 101"
[1] "n1 ---> 25"
[1] "CW Result: instances/CHAO_MCTTRP_21.txt"
[1] "    Cost 1093.65983363664"
[1] "    Time 38.0721664428711 seconds"
[1] "    N trucks 12"
[1] "    N trailers 3"
[1] "    PTR 9"
[1] "    PVR 0"
[1] "    CVR 3"
[1] "    Route:  0 1 2 3 39 38 37 1 0 16 89 87 10 86 12 88 90 15 16 0 18 20 96 95 92 91 93 94 19 18 17 0 25 22 98 97 21 99 0 14 23 100 24 27 26 32 33 35 0 43 42 85 82 78 79 81 83 0 44 45 51 41 40 36 34 31 29 28 30 0 47 50 48 49 53 52 0 46 4 54 55 7 57 56 6 5 0 58 75 73 84 80 77 11 13 0 61 59 60 62 64 63 66 69 68 70 67 65 0 76 74 72 8 9 71 0"
[1] ""
[1] "[[ Stopping criteria ]] Max time"
[1] "Problem 21| type_problem MCTTRP| descent 1| init cost (CW): 1093.65983363664| cost ALNS: 1067.39283489232"
[1] "[[ Stopping criteria ]] Max time"
[1] "Problem 21| type_problem MCTTRP| descent 1| init cost (CW): 1093.65983363664| cost ALNS: 1063.99483464197"
[1] "[[ Stopping criteria ]] Max time"
[1] "Problem 21| type_problem MCTTRP| descent 1| init cost (CW): 1093.65983363664| cost ALNS: 1069.87403037766"
[1] "[[ Stopping criteria ]] Max time"
[1] "Problem 21| type_problem MCTTRP| descent 1| init cost (CW): 1093.65983363664| cost ALNS: 1063.21291257754"
[1] "[[ Stopping criteria ]] Max time"
[1] "Problem 21| type_problem MCTTRP| descent 1| init cost (CW): 1093.65983363664| cost ALNS: 1093.65983363664"
[1] "[[ Stopping criteria ]] Max time"
[1] "Problem 21| type_problem MCTTRP| descent 1| init cost (CW): 1093.65983363664| cost ALNS: 1041.65781428634"
[1] "[[ Stopping criteria ]] Max time"
[1] "Problem 21| type_problem MCTTRP| descent 1| init cost (CW): 1093.65983363664| cost ALNS: 1029.20089449626"
[1] "[[ Stopping criteria ]] Max time"
[1] "Problem 21| type_problem MCTTRP| descent 1| init cost (CW): 1093.65983363664| cost ALNS: 1083.43270948638"
[1] "[[ Stopping criteria ]] Max time"
[1] "Problem 21| type_problem MCTTRP| descent 1| init cost (CW): 1093.65983363664| cost ALNS: 1067.68005527384"
[1] "[[ Stopping criteria ]] Max time"
[1] "Problem 21| type_problem MCTTRP| descent 1| init cost (CW): 1093.65983363664| cost ALNS: 1058.27484910281"
