slurmstepd: info: Setting TMPDIR to /scratch/6505404. Previous errors about TMPDIR can be discarded
binutils/2.31.1 loaded 
gcc/6.4.0 loaded 
openblas/0.3.9 loaded 
fftw/3.3.8 loaded 
sed/4.5 loaded 
bzip2/1.0.6 loaded 
zlib/1.2.11 loaded 
pcre/8.42 loaded 
grep/3.1 loaded 
ncurses/6.1 loaded 
libreadline/7.0 loaded 
gawk/4.2.1 loaded 
tar/1.30 loaded 
coreutils/8.30 loaded 
findutils/4.6.0 loaded 
gmp/6.1.2 loaded 
nettle/3.4 loaded 
expat/2.2.6 loaded 
libpng/1.6.37 loaded 
freetype/2.9.1 loaded 
fontconfig/2.13.1 loaded 
libgpg-error/1.32 loaded 
libgcrypt/1.8.3 loaded 
libxslt/1.1.32 loaded 
x11/20180604 loaded 
libdrm/2.4.94 loaded 
llvm/6.0.1 loaded 
mesa/18.3.6 loaded 
libglu/9.0.0 loaded 
pixman/0.34.0 loaded 
libffi/3.2.1 loaded 
xz/5.2.4 loaded 
libxml2/2.9.7 loaded 
gettext/0.19.8.1 loaded 
dbus/1.13.6 loaded 
util-linux/2.32 loaded 
glib/2.58.0 loaded 
cairo/1.14.12 loaded 
libreadline/7.0 unloaded 
libreadline/8.0 loaded 
tcl/8.6.8 loaded 
sqlite/3.30.1 loaded 
pcre2/10.32 loaded 
nasm/2.13.03 loaded 
libjpeg-turbo/2.0.4 loaded 
libtiff/4.1.0 loaded 
jdk/8u181 loaded 
tk/8.6.8 loaded 
openssl/1.1.0i loaded 
curl/7.61.1 loaded 
gsl/2.6 loaded 
cairo/1.14.12 unloaded 
pixman/0.34.0 unloaded 
pixman/0.38.4 loaded 
glib/2.58.0 unloaded 
libxslt/1.1.32 unloaded 
libxml2/2.9.7 unloaded 
icu/63.1 loaded 
libxml2/2.9.7-icu-63.1 loaded 
libxslt/1.1.32-icu-63.1 loaded 
glib/2.58.2 loaded 
cairo/1.16.0 loaded 
harfbuzz/2.5.3 loaded 
gobject-introspection/1.61.1 loaded 
fribidi/1.0.4 loaded 
pango/1.43.0 loaded 
texlive/2018 loaded 
R/4.0.2 loaded 
WARNING: ignoring environment value of R_HOME
[1] "init descent_search"
[1] "it 1369.06151043615 < 1386.76116355829 mov move_vc indexr1 7 indexr2 1 mov_list_cost 1369.06151043615 mov_list_cost_feas 0 mov_list$opt_reconf 0"
[1] "it 1354.90412972614 < 1361.98236370433 mov move_tc indexr1 4 indexr2 7 mov_list_cost 1354.90412972614 mov_list_cost_feas 0 mov_list$opt_reconf 0"
[1] "it 1334.14533630183 < 1354.90412972614 mov move_vc indexr1 1 indexr2 4 mov_list_cost 1334.14533630183 mov_list_cost_feas 0 mov_list$opt_reconf 0"
[1] "it 1323.68164864222 < 1329.77484926257 mov move_tc indexr1 8 indexr2 3 mov_list_cost 1323.68164864222 mov_list_cost_feas 0 mov_list$opt_reconf 0"
[1] "it 1318.83873578708 < 1323.68164864222 mov move_tc indexr1 7 indexr2 8 mov_list_cost 1318.83873578708 mov_list_cost_feas 0 mov_list$opt_reconf 0"
[1] "it 1306.28295992883 < 1318.83873578708 mov exchange_ptr_and_subtour indexr1 7 indexr2 2 mov_list_cost 1306.28295992883 mov_list_cost_feas 22 mov_list$opt_reconf 0"
[1] "it 1292.77191894787 < 1306.28295992883 mov move_vc indexr1 4 indexr2 7 mov_list_cost 1292.77191894787 mov_list_cost_feas 0 mov_list$opt_reconf 0"
[1] "it 1285.90554054863 < 1290.53872924641 mov move_tc indexr1 10 indexr2 2 mov_list_cost 1285.90554054863 mov_list_cost_feas 0 mov_list$opt_reconf 0"
[1] "it 1262.2686160442 < 1275.87837714496 mov exchange_tc_two_routes indexr1 2 indexr2 10 mov_list_cost 1262.2686160442 mov_list_cost_feas 0 mov_list$opt_reconf 0"
[1] "it 1256.10608113472 < 1262.2686160442 mov exchange_tc_two_routes indexr1 2 indexr2 9 mov_list_cost 1256.10608113472 mov_list_cost_feas 0 mov_list$opt_reconf 0"
[1] "it 1252.67717466933 < 1256.10608113473 mov exchange_tc_two_routes indexr1 1 indexr2 3 mov_list_cost 1252.67717466933 mov_list_cost_feas 0 mov_list$opt_reconf 0"
[1] "it 1249.1310196566 < 1252.67717466933 mov exchange_tc_two_routes indexr1 3 indexr2 8 mov_list_cost 1249.1310196566 mov_list_cost_feas 0 mov_list$opt_reconf 0"
[1] "it 1248.27772776559 < 1249.1310196566 mov move_tc indexr1 9 indexr2 2 mov_list_cost 1248.27772776559 mov_list_cost_feas 0 mov_list$opt_reconf 0"
[1] "it 1247.797661191 < 1248.27772776559 mov move_tc indexr1 8 indexr2 1 mov_list_cost 1247.797661191 mov_list_cost_feas 0 mov_list$opt_reconf 0"
[1] "it 1244.11391930313 < 1247.79766119101 mov exchange_tc_two_routes indexr1 1 indexr2 8 mov_list_cost 1244.11391930313 mov_list_cost_feas 0 mov_list$opt_reconf 0"
[1] "it 1238.45968953478 < 1244.11391930313 mov exchange_tc_two_routes indexr1 1 indexr2 8 mov_list_cost 1238.45968953478 mov_list_cost_feas 3.0383756431956e+180 mov_list$opt_reconf 0"
[1] "it 1233.78105460246 < 1235.52087808776 mov exchange_tc_two_routes indexr1 3 indexr2 8 mov_list_cost 1233.78105460246 mov_list_cost_feas 0 mov_list$opt_reconf 0"
[1] "it 1233.24790170271 < 1233.78105460246 mov exchange_tc_two_routes indexr1 1 indexr2 11 mov_list_cost 1233.24790170271 mov_list_cost_feas 0 mov_list$opt_reconf 0"
[1] "it 1233.18867806838 < 1232.88250173341 mov exchange_tc_two_routes indexr1 9 indexr2 10 mov_list_cost 1233.18867806838 mov_list_cost_feas 0 mov_list$opt_reconf 0"
[1] "   total nodes in final route  ---> 101"
[1] "   n  ---> 101"
[1] "   n1 ---> 25"
[1] "   NUMBER OF ERRORS -> 0"
[1] "l  ---> 101"
[1] "n  ---> 101"
[1] "n1 ---> 25"
[1] "CW Result: instances/CHAO_MCTTRP_09.txt"
[1] "    Cost 1232.88250173341"
[1] "    Time 100.67818236351 seconds"
[1] "    N trucks 11"
[1] "    N trailers 5"
[1] "    PTR 6"
[1] "    PVR 0"
[1] "    CVR 5"
[1] "    Route:  0 5 2 21 18 12 17 4 83 29 93 65 4 0 11 25 22 23 6 71 46 70 44 35 76 57 58 6 0 7 24 14 1 9 51 87 97 63 9 0 15 16 3 8 20 42 60 80 69 28 77 8 10 0 19 31 82 56 55 32 54 39 84 19 0 27 62 52 41 74 75 61 72 73 40 0 91 53 37 13 86 38 66 0 59 36 94 95 96 89 0 26 45 47 90 68 34 67 88 0 79 78 49 33 81 48 43 0 92 50 100 85 98 64 99 30 0"
[1] ""
[1] "[[ Stopping criteria ]] Max time"
[1] "Problem 9| type_problem MCTTRP| descent 1| init cost (CW): 1232.88250173341| cost ALNS: 1187.63884416922"
[1] "[[ Stopping criteria ]] Max time"
[1] "Problem 9| type_problem MCTTRP| descent 1| init cost (CW): 1232.88250173341| cost ALNS: 1203.71729850944"
[1] "[[ Stopping criteria ]] Max time"
[1] "Problem 9| type_problem MCTTRP| descent 1| init cost (CW): 1232.88250173341| cost ALNS: 1183.65977563935"
[1] "[[ Stopping criteria ]] Max time"
[1] "Problem 9| type_problem MCTTRP| descent 1| init cost (CW): 1232.88250173341| cost ALNS: 1212.43321668286"
[1] "[[ Stopping criteria ]] Max time"
[1] "Problem 9| type_problem MCTTRP| descent 1| init cost (CW): 1232.88250173341| cost ALNS: 1173.22367493597"
[1] "[[ Stopping criteria ]] Max time"
[1] "Problem 9| type_problem MCTTRP| descent 1| init cost (CW): 1232.88250173341| cost ALNS: 1186.92316945858"
[1] "[[ Stopping criteria ]] Max time"
[1] "Problem 9| type_problem MCTTRP| descent 1| init cost (CW): 1232.88250173341| cost ALNS: 1148.93244846172"
[1] "[[ Stopping criteria ]] Max time"
[1] "Problem 9| type_problem MCTTRP| descent 1| init cost (CW): 1232.88250173341| cost ALNS: 1191.4706587992"
[1] "[[ Stopping criteria ]] Max time"
[1] "Problem 9| type_problem MCTTRP| descent 1| init cost (CW): 1232.88250173341| cost ALNS: 1173.20992601246"
[1] "[[ Stopping criteria ]] Max time"
[1] "Problem 9| type_problem MCTTRP| descent 1| init cost (CW): 1232.88250173341| cost ALNS: 1154.59908756513"
