slurmstepd: info: Setting TMPDIR to /scratch/6504228. Previous errors about TMPDIR can be discarded
binutils/2.31.1 loaded 
gcc/6.4.0 loaded 
openblas/0.3.9 loaded 
fftw/3.3.8 loaded 
sed/4.5 loaded 
bzip2/1.0.6 loaded 
zlib/1.2.11 loaded 
pcre/8.42 loaded 
grep/3.1 loaded 
ncurses/6.1 loaded 
libreadline/7.0 loaded 
gawk/4.2.1 loaded 
tar/1.30 loaded 
coreutils/8.30 loaded 
findutils/4.6.0 loaded 
gmp/6.1.2 loaded 
nettle/3.4 loaded 
expat/2.2.6 loaded 
libpng/1.6.37 loaded 
freetype/2.9.1 loaded 
fontconfig/2.13.1 loaded 
libgpg-error/1.32 loaded 
libgcrypt/1.8.3 loaded 
libxslt/1.1.32 loaded 
x11/20180604 loaded 
libdrm/2.4.94 loaded 
llvm/6.0.1 loaded 
mesa/18.3.6 loaded 
libglu/9.0.0 loaded 
pixman/0.34.0 loaded 
libffi/3.2.1 loaded 
xz/5.2.4 loaded 
libxml2/2.9.7 loaded 
gettext/0.19.8.1 loaded 
dbus/1.13.6 loaded 
util-linux/2.32 loaded 
glib/2.58.0 loaded 
cairo/1.14.12 loaded 
libreadline/7.0 unloaded 
libreadline/8.0 loaded 
tcl/8.6.8 loaded 
sqlite/3.30.1 loaded 
pcre2/10.32 loaded 
nasm/2.13.03 loaded 
libjpeg-turbo/2.0.4 loaded 
libtiff/4.1.0 loaded 
jdk/8u181 loaded 
tk/8.6.8 loaded 
openssl/1.1.0i loaded 
curl/7.61.1 loaded 
gsl/2.6 loaded 
cairo/1.14.12 unloaded 
pixman/0.34.0 unloaded 
pixman/0.38.4 loaded 
glib/2.58.0 unloaded 
libxslt/1.1.32 unloaded 
libxml2/2.9.7 unloaded 
icu/63.1 loaded 
libxml2/2.9.7-icu-63.1 loaded 
libxslt/1.1.32-icu-63.1 loaded 
glib/2.58.2 loaded 
cairo/1.16.0 loaded 
harfbuzz/2.5.3 loaded 
gobject-introspection/1.61.1 loaded 
fribidi/1.0.4 loaded 
pango/1.43.0 loaded 
texlive/2018 loaded 
R/4.0.2 loaded 
[1] "init descent_search"
[1] "it 1501.78936826841 < 1518.92863367992 mov exchange_ptr_and_subtour indexr1 6 indexr2 7 mov_list_cost 1501.78936826841 mov_list_cost_feas 0 mov_list$opt_reconf -1861708552"
[1] "it 1490.56529431699 < 1500.30304852269 mov move_tc indexr1 2 indexr2 7 mov_list_cost 1490.56529431699 mov_list_cost_feas 0 mov_list$opt_reconf 1066426696"
[1] "it 1482.74044715371 < 1490.16534992102 mov move_tc indexr1 2 indexr2 11 mov_list_cost 1482.74044715371 mov_list_cost_feas 0 mov_list$opt_reconf -1861708552"
[1] "it 1475.42911196387 < 1482.74044715371 mov exchange_tc_two_routes indexr1 10 indexr2 12 mov_list_cost 1475.42911196387 mov_list_cost_feas 0 mov_list$opt_reconf -1861708552"
[1] "it 1469.48991605401 < 1475.42911196387 mov move_vc indexr1 1 indexr2 3 mov_list_cost 1469.48991605401 mov_list_cost_feas 0 mov_list$opt_reconf -1861708552"
[1] "it 1463.66484380294 < 1469.48991605401 mov move_vc indexr1 1 indexr2 12 mov_list_cost 1463.66484380294 mov_list_cost_feas 0 mov_list$opt_reconf 1066426696"
[1] "it 1453.72958786872 < 1463.66484380294 mov move_tc indexr1 7 indexr2 1 mov_list_cost 1453.72958786872 mov_list_cost_feas 0 mov_list$opt_reconf 1066426696"
[1] "it 1448.68017740257 < 1453.72958786873 mov move_tc indexr1 9 indexr2 12 mov_list_cost 1448.68017740257 mov_list_cost_feas 0 mov_list$opt_reconf 1066426696"
[1] "it 1447.83639012325 < 1448.68017740258 mov exchange_ptr_and_subtour indexr1 8 indexr2 2 mov_list_cost 1447.83639012325 mov_list_cost_feas 0 mov_list$opt_reconf 1066426696"
[1] "it 1444.87410297973 < 1447.83639012325 mov move_tc indexr1 11 indexr2 8 mov_list_cost 1444.87410297973 mov_list_cost_feas 0 mov_list$opt_reconf 1066426696"
[1] "it 1440.99565869993 < 1444.87410297973 mov move_tc indexr1 2 indexr2 11 mov_list_cost 1440.99565869993 mov_list_cost_feas 0 mov_list$opt_reconf 1066426696"
[1] "it 1440.37464530429 < 1440.99565869993 mov move_vc indexr1 3 indexr2 7 mov_list_cost 1440.37464530429 mov_list_cost_feas 0 mov_list$opt_reconf 1066426696"
[1] "it 1438.66776651316 < 1440.37464530429 mov move_vc indexr1 3 indexr2 7 mov_list_cost 1438.66776651316 mov_list_cost_feas 0 mov_list$opt_reconf 1066426696"
[1] "it 1436.85434361548 < 1437.30949160534 mov move_tc indexr1 8 indexr2 2 mov_list_cost 1436.85434361548 mov_list_cost_feas 0 mov_list$opt_reconf 1066426696"
[1] "it 1436.3293170798 < 1436.85434361548 mov move_tc indexr1 1 indexr2 8 mov_list_cost 1436.3293170798 mov_list_cost_feas 0 mov_list$opt_reconf 1066426696"
[1] "it 1432.87767423582 < 1436.3293170798 mov move_tc indexr1 11 indexr2 1 mov_list_cost 1432.87767423582 mov_list_cost_feas 0 mov_list$opt_reconf 1066426696"
[1] "it 1430.45824850105 < 1432.87767423582 mov exchange_tc_two_routes indexr1 1 indexr2 11 mov_list_cost 1430.45824850105 mov_list_cost_feas 0 mov_list$opt_reconf 1066426696"
[1] "it 1428.76823578525 < 1429.53692527973 mov move_tc indexr1 3 indexr2 1 mov_list_cost 1428.76823578525 mov_list_cost_feas 0 mov_list$opt_reconf 1066426696"
[1] "it 1428.06668015247 < 1428.76823578525 mov move_tc indexr1 8 indexr2 2 mov_list_cost 1428.06668015247 mov_list_cost_feas 0 mov_list$opt_reconf 1066426696"
[1] "it 1426.77586537571 < 1428.06668015247 mov move_vc indexr1 3 indexr2 8 mov_list_cost 1426.77586537571 mov_list_cost_feas 0 mov_list$opt_reconf 1066426696"
[1] "it 1426.37802325525 < 1426.77586537571 mov move_tc indexr1 3 indexr2 1 mov_list_cost 1426.37802325525 mov_list_cost_feas 0 mov_list$opt_reconf 1066426696"
[1] "it 1421.32075645813 < 1426.37802325525 mov move_tc indexr1 1 indexr2 3 mov_list_cost 1421.32075645813 mov_list_cost_feas 0 mov_list$opt_reconf 1066426696"
[1] "it 1413.92496769898 < 1421.32075645813 mov exchange_ptr_and_subtour indexr1 5 indexr2 1 mov_list_cost 1413.92496769898 mov_list_cost_feas 0 mov_list$opt_reconf 1066426696"
[1] "it 1413.34320794988 < 1413.92496769898 mov exchange_ptr_and_subtour indexr1 5 indexr2 3 mov_list_cost 1413.34320794988 mov_list_cost_feas 0 mov_list$opt_reconf 1066426696"
[1] "it 1413.02782372958 < 1413.34320794988 mov move_tc indexr1 2 indexr2 9 mov_list_cost 1413.02782372958 mov_list_cost_feas 0 mov_list$opt_reconf 1066426696"
[1] "it 1408.93207162014 < 1413.02782372958 mov move_tc indexr1 6 indexr2 2 mov_list_cost 1408.93207162014 mov_list_cost_feas 0 mov_list$opt_reconf 1066426696"
[1] "it 1408.99801933517 < 1408.93207162014 mov exchange_ptr_and_subtour indexr1 11 indexr2 3 mov_list_cost 1408.99801933517 mov_list_cost_feas 0 mov_list$opt_reconf 1066426696"
[1] "   total nodes in final route  ---> 151"
[1] "   n  ---> 151"
[1] "   n1 ---> 38"
[1] "   NUMBER OF ERRORS -> 0"
[1] "l  ---> 151"
[1] "n  ---> 151"
[1] "n1 ---> 38"
[1] "END CW Algorithm"
[1] "Result: instances/CHAO_TTRP_12.txt"
[1] "    Cost 1408.93207162014"
[1] "    Time 188.450566291809 seconds"
[1] "    N trucks 12"
[1] "    N trailers 6"
[1] "    PTR 6"
[1] "    PVR 0"
[1] "    CVR 6"
[1] "    Route:  0 16 55 89 88 90 137 56 9 38 80 145 120 39 16 105 104 50 140 16 0 34 63 47 117 131 84 28 64 135 87 111 34 130 73 119 44 115 34 0 32 102 67 101 52 143 72 124 142 68 51 107 122 32 26 3 25 0 53 116 48 18 75 37 8 74 129 11 45 0 43 106 103 97 108 110 144 71 98 0 77 114 36 60 1 86 136 59 0 31 92 121 85 95 150 49 118 149 58 31 2 10 27 33 17 0 100 4 24 12 128 83 148 99 146 0 13 76 112 65 96 125 46 29 13 138 66 139 54 132 62 127 13 0 93 40 94 126 61 6 35 78 134 30 70 0 81 109 113 42 123 82 147 0 15 41 79 57 141 69 21 5 91 15 23 133 23 7 22 19 20 14 0"
[1] ""
[1] "[[ Stopping criteria ]] Max time"
[1] "Problem 12| type_problem TTRP| descent 1| init cost (CW): 1408.93207162014| cost ALNS: 1378.07716320434"
[1] "[[ Stopping criteria ]] Max time"
[1] "Problem 12| type_problem TTRP| descent 1| init cost (CW): 1408.93207162014| cost ALNS: 1350.89936739962"
[1] "[[ Stopping criteria ]] Max time"
[1] "Problem 12| type_problem TTRP| descent 1| init cost (CW): 1408.93207162014| cost ALNS: 1396.35001464891"
[1] "[[ Stopping criteria ]] Max time"
[1] "Problem 12| type_problem TTRP| descent 1| init cost (CW): 1408.93207162014| cost ALNS: 1408.93207162014"
[1] "[[ Stopping criteria ]] Max time"
[1] "Problem 12| type_problem TTRP| descent 1| init cost (CW): 1408.93207162014| cost ALNS: 1359.05878900906"
[1] "[[ Stopping criteria ]] Max time"
[1] "Problem 12| type_problem TTRP| descent 1| init cost (CW): 1408.93207162014| cost ALNS: 1389.46274018786"
[1] "[[ Stopping criteria ]] Max time"
[1] "Problem 12| type_problem TTRP| descent 1| init cost (CW): 1408.93207162014| cost ALNS: 1371.58826237402"
[1] "[[ Stopping criteria ]] Max time"
[1] "Problem 12| type_problem TTRP| descent 1| init cost (CW): 1408.93207162014| cost ALNS: 1408.93207162014"
[1] "[[ Stopping criteria ]] Max time"
[1] "Problem 12| type_problem TTRP| descent 1| init cost (CW): 1408.93207162014| cost ALNS: 1382.62660357948"
[1] "[[ Stopping criteria ]] Max time"
[1] "Problem 12| type_problem TTRP| descent 1| init cost (CW): 1408.93207162014| cost ALNS: 1391.39442073788"
