slurmstepd: info: Setting TMPDIR to /scratch/6504261. Previous errors about TMPDIR can be discarded
binutils/2.31.1 loaded 
gcc/6.4.0 loaded 
openblas/0.3.9 loaded 
fftw/3.3.8 loaded 
sed/4.5 loaded 
bzip2/1.0.6 loaded 
zlib/1.2.11 loaded 
pcre/8.42 loaded 
grep/3.1 loaded 
ncurses/6.1 loaded 
libreadline/7.0 loaded 
gawk/4.2.1 loaded 
tar/1.30 loaded 
coreutils/8.30 loaded 
findutils/4.6.0 loaded 
gmp/6.1.2 loaded 
nettle/3.4 loaded 
expat/2.2.6 loaded 
libpng/1.6.37 loaded 
freetype/2.9.1 loaded 
fontconfig/2.13.1 loaded 
libgpg-error/1.32 loaded 
libgcrypt/1.8.3 loaded 
libxslt/1.1.32 loaded 
x11/20180604 loaded 
libdrm/2.4.94 loaded 
llvm/6.0.1 loaded 
mesa/18.3.6 loaded 
libglu/9.0.0 loaded 
pixman/0.34.0 loaded 
libffi/3.2.1 loaded 
xz/5.2.4 loaded 
libxml2/2.9.7 loaded 
gettext/0.19.8.1 loaded 
dbus/1.13.6 loaded 
util-linux/2.32 loaded 
glib/2.58.0 loaded 
cairo/1.14.12 loaded 
libreadline/7.0 unloaded 
libreadline/8.0 loaded 
tcl/8.6.8 loaded 
sqlite/3.30.1 loaded 
pcre2/10.32 loaded 
nasm/2.13.03 loaded 
libjpeg-turbo/2.0.4 loaded 
libtiff/4.1.0 loaded 
jdk/8u181 loaded 
tk/8.6.8 loaded 
openssl/1.1.0i loaded 
curl/7.61.1 loaded 
gsl/2.6 loaded 
cairo/1.14.12 unloaded 
pixman/0.34.0 unloaded 
pixman/0.38.4 loaded 
glib/2.58.0 unloaded 
libxslt/1.1.32 unloaded 
libxml2/2.9.7 unloaded 
icu/63.1 loaded 
libxml2/2.9.7-icu-63.1 loaded 
libxslt/1.1.32-icu-63.1 loaded 
glib/2.58.2 loaded 
cairo/1.16.0 loaded 
harfbuzz/2.5.3 loaded 
gobject-introspection/1.61.1 loaded 
fribidi/1.0.4 loaded 
pango/1.43.0 loaded 
texlive/2018 loaded 
R/4.0.2 loaded 
[1] "   total nodes in final route  ---> 51"
[1] "   n  ---> 51"
[1] "   n1 ---> 13"
[1] "   NUMBER OF ERRORS -> 0"
[1] "l  ---> 51"
[1] "n  ---> 51"
[1] "n1 ---> 13"
[1] "END CW Algorithm"
[1] "Result: instances/CHAO_TTRP_03.txt"
[1] "    Cost 805.347302699108"
[1] "    Time 1.43748641014099 seconds"
[1] "    N trucks 5"
[1] "    N trailers 3"
[1] "    PTR 2"
[1] "    PVR 0"
[1] "    CVR 3"
[1] "    Route:  0 6 22 31 15 6 48 21 6 1 0 8 37 14 29 20 16 8 13 18 32 17 12 7 30 13 3 0 5 25 45 11 26 10 44 5 28 39 35 9 38 46 5 0 36 33 2 41 40 27 34 0 47 43 24 50 19 49 4 23 42 0"
[1] ""
[1] "[[ Stopping criteria ]] Max time"
[1] "Problem 3| type_problem TTRP| descent 0| init cost (CW): 805.347302699108| cost ALNS: 778.035243429387"
[1] "[[ Stopping criteria ]] Max time"
[1] "Problem 3| type_problem TTRP| descent 0| init cost (CW): 805.347302699108| cost ALNS: 788.941862786816"
[1] "[[ Stopping criteria ]] Max time"
[1] "Problem 3| type_problem TTRP| descent 0| init cost (CW): 805.347302699108| cost ALNS: 797.057589015215"
[1] "[[ Stopping criteria ]] Max time"
[1] "Problem 3| type_problem TTRP| descent 0| init cost (CW): 805.347302699108| cost ALNS: 805.347302699108"
[1] "[[ Stopping criteria ]] Max time"
[1] "Problem 3| type_problem TTRP| descent 0| init cost (CW): 805.347302699108| cost ALNS: 780.411757553397"
[1] "[[ Stopping criteria ]] Max time"
[1] "Problem 3| type_problem TTRP| descent 0| init cost (CW): 805.347302699108| cost ALNS: 778.065291769252"
[1] "[[ Stopping criteria ]] Max time"
[1] "Problem 3| type_problem TTRP| descent 0| init cost (CW): 805.347302699108| cost ALNS: 805.347302699108"
[1] "[[ Stopping criteria ]] Max time"
[1] "Problem 3| type_problem TTRP| descent 0| init cost (CW): 805.347302699108| cost ALNS: 805.347302699108"
[1] "[[ Stopping criteria ]] Max time"
[1] "Problem 3| type_problem TTRP| descent 0| init cost (CW): 805.347302699108| cost ALNS: 793.270190126074"
[1] "[[ Stopping criteria ]] Max time"
[1] "Problem 3| type_problem TTRP| descent 0| init cost (CW): 805.347302699108| cost ALNS: 769.281683750863"
