slurmstepd: info: Setting TMPDIR to /scratch/6504277. Previous errors about TMPDIR can be discarded
binutils/2.31.1 loaded 
gcc/6.4.0 loaded 
openblas/0.3.9 loaded 
fftw/3.3.8 loaded 
sed/4.5 loaded 
bzip2/1.0.6 loaded 
zlib/1.2.11 loaded 
pcre/8.42 loaded 
grep/3.1 loaded 
ncurses/6.1 loaded 
libreadline/7.0 loaded 
gawk/4.2.1 loaded 
tar/1.30 loaded 
coreutils/8.30 loaded 
findutils/4.6.0 loaded 
gmp/6.1.2 loaded 
nettle/3.4 loaded 
expat/2.2.6 loaded 
libpng/1.6.37 loaded 
freetype/2.9.1 loaded 
fontconfig/2.13.1 loaded 
libgpg-error/1.32 loaded 
libgcrypt/1.8.3 loaded 
libxslt/1.1.32 loaded 
x11/20180604 loaded 
libdrm/2.4.94 loaded 
llvm/6.0.1 loaded 
mesa/18.3.6 loaded 
libglu/9.0.0 loaded 
pixman/0.34.0 loaded 
libffi/3.2.1 loaded 
xz/5.2.4 loaded 
libxml2/2.9.7 loaded 
gettext/0.19.8.1 loaded 
dbus/1.13.6 loaded 
util-linux/2.32 loaded 
glib/2.58.0 loaded 
cairo/1.14.12 loaded 
libreadline/7.0 unloaded 
libreadline/8.0 loaded 
tcl/8.6.8 loaded 
sqlite/3.30.1 loaded 
pcre2/10.32 loaded 
nasm/2.13.03 loaded 
libjpeg-turbo/2.0.4 loaded 
libtiff/4.1.0 loaded 
jdk/8u181 loaded 
tk/8.6.8 loaded 
openssl/1.1.0i loaded 
curl/7.61.1 loaded 
gsl/2.6 loaded 
cairo/1.14.12 unloaded 
pixman/0.34.0 unloaded 
pixman/0.38.4 loaded 
glib/2.58.0 unloaded 
libxslt/1.1.32 unloaded 
libxml2/2.9.7 unloaded 
icu/63.1 loaded 
libxml2/2.9.7-icu-63.1 loaded 
libxslt/1.1.32-icu-63.1 loaded 
glib/2.58.2 loaded 
cairo/1.16.0 loaded 
harfbuzz/2.5.3 loaded 
gobject-introspection/1.61.1 loaded 
fribidi/1.0.4 loaded 
pango/1.43.0 loaded 
texlive/2018 loaded 
R/4.0.2 loaded 
[1] "   total nodes in final route  ---> 101"
[1] "   n  ---> 101"
[1] "   n1 ---> 75"
[1] "   NUMBER OF ERRORS -> 0"
[1] "l  ---> 101"
[1] "n  ---> 101"
[1] "n1 ---> 75"
[1] "END CW Algorithm"
[1] "Result: instances/CHAO_TTRP_19.txt"
[1] "    Cost 1182.97292379889"
[1] "    Time 19.1738061904907 seconds"
[1] "    N trucks 9"
[1] "    N trailers 5"
[1] "    PTR 4"
[1] "    PVR 1"
[1] "    CVR 4"
[1] "    Route:  0 24 2 82 81 80 78 24 35 23 25 27 26 29 32 31 33 30 28 0 4 84 85 9 6 5 0 8 7 3 83 1 79 77 76 54 0 10 86 89 88 87 10 12 11 15 17 20 19 18 16 13 0 44 96 95 44 22 21 40 36 47 48 43 53 51 42 45 46 0 57 98 97 52 49 50 55 56 58 0 65 60 59 61 62 63 64 100 99 41 39 37 64 66 0 74 75 72 68 67 69 70 71 73 34 38 0 90 93 91 92 14 94 0"
[1] ""
[1] "[[ Stopping criteria ]] Max time"
[1] "Problem 19| type_problem TTRP| descent 0| init cost (CW): 1182.97292379889| cost ALNS: 938.668394975938"
[1] "[[ Stopping criteria ]] Max time"
[1] "Problem 19| type_problem TTRP| descent 0| init cost (CW): 1182.97292379889| cost ALNS: 1003.66863793884"
[1] "[[ Stopping criteria ]] Max time"
[1] "Problem 19| type_problem TTRP| descent 0| init cost (CW): 1182.97292379889| cost ALNS: 938.958918375609"
[1] "[[ Stopping criteria ]] Max time"
[1] "Problem 19| type_problem TTRP| descent 0| init cost (CW): 1182.97292379889| cost ALNS: 923.202713678513"
[1] "[[ Stopping criteria ]] Max time"
[1] "Problem 19| type_problem TTRP| descent 0| init cost (CW): 1182.97292379889| cost ALNS: 939.689725257744"
[1] "[[ Stopping criteria ]] Max time"
[1] "Problem 19| type_problem TTRP| descent 0| init cost (CW): 1182.97292379889| cost ALNS: 953.283916567443"
[1] "[[ Stopping criteria ]] Max time"
[1] "Problem 19| type_problem TTRP| descent 0| init cost (CW): 1182.97292379889| cost ALNS: 930.036261503385"
[1] "[[ Stopping criteria ]] Max time"
[1] "Problem 19| type_problem TTRP| descent 0| init cost (CW): 1182.97292379889| cost ALNS: 1022.82185293298"
[1] "[[ Stopping criteria ]] Max time"
[1] "Problem 19| type_problem TTRP| descent 0| init cost (CW): 1182.97292379889| cost ALNS: 958.102035332188"
[1] "[[ Stopping criteria ]] Max time"
[1] "Problem 19| type_problem TTRP| descent 0| init cost (CW): 1182.97292379889| cost ALNS: 959.671791080203"
