slurmstepd: info: Setting TMPDIR to /scratch/6504276. Previous errors about TMPDIR can be discarded
binutils/2.31.1 loaded 
gcc/6.4.0 loaded 
openblas/0.3.9 loaded 
fftw/3.3.8 loaded 
sed/4.5 loaded 
bzip2/1.0.6 loaded 
zlib/1.2.11 loaded 
pcre/8.42 loaded 
grep/3.1 loaded 
ncurses/6.1 loaded 
libreadline/7.0 loaded 
gawk/4.2.1 loaded 
tar/1.30 loaded 
coreutils/8.30 loaded 
findutils/4.6.0 loaded 
gmp/6.1.2 loaded 
nettle/3.4 loaded 
expat/2.2.6 loaded 
libpng/1.6.37 loaded 
freetype/2.9.1 loaded 
fontconfig/2.13.1 loaded 
libgpg-error/1.32 loaded 
libgcrypt/1.8.3 loaded 
libxslt/1.1.32 loaded 
x11/20180604 loaded 
libdrm/2.4.94 loaded 
llvm/6.0.1 loaded 
mesa/18.3.6 loaded 
libglu/9.0.0 loaded 
pixman/0.34.0 loaded 
libffi/3.2.1 loaded 
xz/5.2.4 loaded 
libxml2/2.9.7 loaded 
gettext/0.19.8.1 loaded 
dbus/1.13.6 loaded 
util-linux/2.32 loaded 
glib/2.58.0 loaded 
cairo/1.14.12 loaded 
libreadline/7.0 unloaded 
libreadline/8.0 loaded 
tcl/8.6.8 loaded 
sqlite/3.30.1 loaded 
pcre2/10.32 loaded 
nasm/2.13.03 loaded 
libjpeg-turbo/2.0.4 loaded 
libtiff/4.1.0 loaded 
jdk/8u181 loaded 
tk/8.6.8 loaded 
openssl/1.1.0i loaded 
curl/7.61.1 loaded 
gsl/2.6 loaded 
cairo/1.14.12 unloaded 
pixman/0.34.0 unloaded 
pixman/0.38.4 loaded 
glib/2.58.0 unloaded 
libxslt/1.1.32 unloaded 
libxml2/2.9.7 unloaded 
icu/63.1 loaded 
libxml2/2.9.7-icu-63.1 loaded 
libxslt/1.1.32-icu-63.1 loaded 
glib/2.58.2 loaded 
cairo/1.16.0 loaded 
harfbuzz/2.5.3 loaded 
gobject-introspection/1.61.1 loaded 
fribidi/1.0.4 loaded 
pango/1.43.0 loaded 
texlive/2018 loaded 
R/4.0.2 loaded 
[1] "   total nodes in final route  ---> 121"
[1] "   n  ---> 121"
[1] "   n1 ---> 30"
[1] "   NUMBER OF ERRORS -> 0"
[1] "l  ---> 121"
[1] "n  ---> 121"
[1] "n1 ---> 30"
[1] "END CW Algorithm"
[1] "Result: instances/CHAO_TTRP_18.txt"
[1] "    Cost 1579.86857475818"
[1] "    Time 42.6907579898834 seconds"
[1] "    N trucks 7"
[1] "    N trailers 4"
[1] "    PTR 3"
[1] "    PVR 0"
[1] "    CVR 4"
[1] "    Route:  0 3 63 62 59 56 58 61 60 57 55 52 50 53 47 51 54 48 101 0 13 81 78 79 80 15 14 77 76 75 74 13 44 45 49 64 71 72 73 70 13 0 21 109 108 113 112 30 2 1 25 21 106 111 110 107 28 84 83 23 27 22 104 103 105 21 0 26 8 9 10 12 11 69 67 68 66 6 7 65 26 4 5 16 0 29 92 20 116 94 95 99 102 96 115 97 29 119 36 37 38 39 40 43 42 41 29 0 100 118 46 120 24 35 34 33 31 32 93 117 98 0 114 82 85 88 89 86 17 19 18 91 90 87 0"
[1] ""
[1] "[[ Stopping criteria ]] Max time"
[1] "Problem 18| type_problem TTRP| descent 0| init cost (CW): 1579.86857475818| cost ALNS: 1394.62700584048"
[1] "[[ Stopping criteria ]] Max time"
[1] "Problem 18| type_problem TTRP| descent 0| init cost (CW): 1579.86857475818| cost ALNS: 1382.00645469957"
[1] "[[ Stopping criteria ]] Max time"
[1] "Problem 18| type_problem TTRP| descent 0| init cost (CW): 1579.86857475818| cost ALNS: 1359.01168533824"
[1] "[[ Stopping criteria ]] Max time"
[1] "Problem 18| type_problem TTRP| descent 0| init cost (CW): 1579.86857475818| cost ALNS: 1311.93069054619"
[1] "[[ Stopping criteria ]] Max time"
[1] "Problem 18| type_problem TTRP| descent 0| init cost (CW): 1579.86857475818| cost ALNS: 1396.57891603543"
[1] "[[ Stopping criteria ]] Max time"
[1] "Problem 18| type_problem TTRP| descent 0| init cost (CW): 1579.86857475818| cost ALNS: 1405.26361896052"
[1] "[[ Stopping criteria ]] Max time"
[1] "Problem 18| type_problem TTRP| descent 0| init cost (CW): 1579.86857475818| cost ALNS: 1381.22728723055"
[1] "[[ Stopping criteria ]] Max time"
[1] "Problem 18| type_problem TTRP| descent 0| init cost (CW): 1579.86857475818| cost ALNS: 1376.24085707874"
[1] "[[ Stopping criteria ]] Max time"
[1] "Problem 18| type_problem TTRP| descent 0| init cost (CW): 1579.86857475818| cost ALNS: 1393.54605701553"
[1] "[[ Stopping criteria ]] Max time"
[1] "Problem 18| type_problem TTRP| descent 0| init cost (CW): 1579.86857475818| cost ALNS: 1340.27455291709"
