slurmstepd: info: Setting TMPDIR to /scratch/6504272. Previous errors about TMPDIR can be discarded
binutils/2.31.1 loaded 
gcc/6.4.0 loaded 
openblas/0.3.9 loaded 
fftw/3.3.8 loaded 
sed/4.5 loaded 
bzip2/1.0.6 loaded 
zlib/1.2.11 loaded 
pcre/8.42 loaded 
grep/3.1 loaded 
ncurses/6.1 loaded 
libreadline/7.0 loaded 
gawk/4.2.1 loaded 
tar/1.30 loaded 
coreutils/8.30 loaded 
findutils/4.6.0 loaded 
gmp/6.1.2 loaded 
nettle/3.4 loaded 
expat/2.2.6 loaded 
libpng/1.6.37 loaded 
freetype/2.9.1 loaded 
fontconfig/2.13.1 loaded 
libgpg-error/1.32 loaded 
libgcrypt/1.8.3 loaded 
libxslt/1.1.32 loaded 
x11/20180604 loaded 
libdrm/2.4.94 loaded 
llvm/6.0.1 loaded 
mesa/18.3.6 loaded 
libglu/9.0.0 loaded 
pixman/0.34.0 loaded 
libffi/3.2.1 loaded 
xz/5.2.4 loaded 
libxml2/2.9.7 loaded 
gettext/0.19.8.1 loaded 
dbus/1.13.6 loaded 
util-linux/2.32 loaded 
glib/2.58.0 loaded 
cairo/1.14.12 loaded 
libreadline/7.0 unloaded 
libreadline/8.0 loaded 
tcl/8.6.8 loaded 
sqlite/3.30.1 loaded 
pcre2/10.32 loaded 
nasm/2.13.03 loaded 
libjpeg-turbo/2.0.4 loaded 
libtiff/4.1.0 loaded 
jdk/8u181 loaded 
tk/8.6.8 loaded 
openssl/1.1.0i loaded 
curl/7.61.1 loaded 
gsl/2.6 loaded 
cairo/1.14.12 unloaded 
pixman/0.34.0 unloaded 
pixman/0.38.4 loaded 
glib/2.58.0 unloaded 
libxslt/1.1.32 unloaded 
libxml2/2.9.7 unloaded 
icu/63.1 loaded 
libxml2/2.9.7-icu-63.1 loaded 
libxslt/1.1.32-icu-63.1 loaded 
glib/2.58.2 loaded 
cairo/1.16.0 loaded 
harfbuzz/2.5.3 loaded 
gobject-introspection/1.61.1 loaded 
fribidi/1.0.4 loaded 
pango/1.43.0 loaded 
texlive/2018 loaded 
R/4.0.2 loaded 
[1] "   total nodes in final route  ---> 200"
[1] "   n  ---> 200"
[1] "   n1 ---> 100"
[1] "   NUMBER OF ERRORS -> 0"
[1] "l  ---> 200"
[1] "n  ---> 200"
[1] "n1 ---> 100"
[1] "END CW Algorithm"
[1] "Result: instances/CHAO_TTRP_14.txt"
[1] "    Cost 1763.57108741814"
[1] "    Time 311.444398164749 seconds"
[1] "    N trucks 17"
[1] "    N trailers 9"
[1] "    PTR 8"
[1] "    PVR 0"
[1] "    CVR 9"
[1] "    Route:  0 4 188 148 12 185 119 68 29 0 5 84 160 133 94 47 21 84 46 65 3 58 32 1 88 0 59 25 44 186 130 43 13 91 17 59 143 114 141 56 2 49 86 59 0 60 89 172 134 128 180 102 132 152 0 62 31 179 145 31 22 81 166 113 70 38 42 80 31 0 41 66 108 95 39 69 79 162 112 41 98 14 45 26 75 0 76 33 11 100 87 28 23 73 30 37 92 55 158 127 55 36 50 20 18 0 34 99 61 24 193 168 24 40 85 16 90 97 78 0 83 163 129 144 182 159 83 93 67 126 181 149 107 194 83 0 136 196 170 51 169 115 117 155 7 0 104 140 142 146 124 137 173 57 139 138 0 71 153 52 74 187 116 72 27 8 35 189 101 71 122 192 164 109 151 71 0 156 110 15 183 165 120 161 184 121 177 103 0 19 176 167 191 199 131 19 174 123 6 63 178 19 0 190 171 154 125 135 82 54 0 195 111 53 77 105 48 198 147 175 0 197 96 9 64 10 118 157 106 150 0"
[1] ""
[1] "[[ Stopping criteria ]] Max time"
[1] "Problem 14| type_problem TTRP| descent 0| init cost (CW): 1763.57108741814| cost ALNS: 1736.44677923352"
[1] "[[ Stopping criteria ]] Max time"
[1] "Problem 14| type_problem TTRP| descent 0| init cost (CW): 1763.57108741814| cost ALNS: 1712.10802748161"
[1] "[[ Stopping criteria ]] Max time"
[1] "Problem 14| type_problem TTRP| descent 0| init cost (CW): 1763.57108741814| cost ALNS: 1714.1724307967"
[1] "[[ Stopping criteria ]] Max time"
[1] "Problem 14| type_problem TTRP| descent 0| init cost (CW): 1763.57108741814| cost ALNS: 1751.54576099012"
[1] "[[ Stopping criteria ]] Max time"
[1] "Problem 14| type_problem TTRP| descent 0| init cost (CW): 1763.57108741814| cost ALNS: 1750.30432655382"
[1] "[[ Stopping criteria ]] Max time"
[1] "Problem 14| type_problem TTRP| descent 0| init cost (CW): 1763.57108741814| cost ALNS: 1750.5700132784"
[1] "[[ Stopping criteria ]] Max time"
[1] "Problem 14| type_problem TTRP| descent 0| init cost (CW): 1763.57108741814| cost ALNS: 1705.64049418352"
[1] "[[ Stopping criteria ]] Max time"
[1] "Problem 14| type_problem TTRP| descent 0| init cost (CW): 1763.57108741814| cost ALNS: 1763.57108741814"
[1] "[[ Stopping criteria ]] Max time"
[1] "Problem 14| type_problem TTRP| descent 0| init cost (CW): 1763.57108741814| cost ALNS: 1732.66541360385"
slurmstepd: error: *** JOB 6504272 ON c7139 CANCELLED AT 2021-09-03T18:54:54 DUE TO TIME LIMIT ***
