slurmstepd: info: Setting TMPDIR to /scratch/6505427. Previous errors about TMPDIR can be discarded
binutils/2.31.1 loaded 
gcc/6.4.0 loaded 
openblas/0.3.9 loaded 
fftw/3.3.8 loaded 
sed/4.5 loaded 
bzip2/1.0.6 loaded 
zlib/1.2.11 loaded 
pcre/8.42 loaded 
grep/3.1 loaded 
ncurses/6.1 loaded 
libreadline/7.0 loaded 
gawk/4.2.1 loaded 
tar/1.30 loaded 
coreutils/8.30 loaded 
findutils/4.6.0 loaded 
gmp/6.1.2 loaded 
nettle/3.4 loaded 
expat/2.2.6 loaded 
libpng/1.6.37 loaded 
freetype/2.9.1 loaded 
fontconfig/2.13.1 loaded 
libgpg-error/1.32 loaded 
libgcrypt/1.8.3 loaded 
libxslt/1.1.32 loaded 
x11/20180604 loaded 
libdrm/2.4.94 loaded 
llvm/6.0.1 loaded 
mesa/18.3.6 loaded 
libglu/9.0.0 loaded 
pixman/0.34.0 loaded 
libffi/3.2.1 loaded 
xz/5.2.4 loaded 
libxml2/2.9.7 loaded 
gettext/0.19.8.1 loaded 
dbus/1.13.6 loaded 
util-linux/2.32 loaded 
glib/2.58.0 loaded 
cairo/1.14.12 loaded 
libreadline/7.0 unloaded 
libreadline/8.0 loaded 
tcl/8.6.8 loaded 
sqlite/3.30.1 loaded 
pcre2/10.32 loaded 
nasm/2.13.03 loaded 
libjpeg-turbo/2.0.4 loaded 
libtiff/4.1.0 loaded 
jdk/8u181 loaded 
tk/8.6.8 loaded 
openssl/1.1.0i loaded 
curl/7.61.1 loaded 
gsl/2.6 loaded 
cairo/1.14.12 unloaded 
pixman/0.34.0 unloaded 
pixman/0.38.4 loaded 
glib/2.58.0 unloaded 
libxslt/1.1.32 unloaded 
libxml2/2.9.7 unloaded 
icu/63.1 loaded 
libxml2/2.9.7-icu-63.1 loaded 
libxslt/1.1.32-icu-63.1 loaded 
glib/2.58.2 loaded 
cairo/1.16.0 loaded 
harfbuzz/2.5.3 loaded 
gobject-introspection/1.61.1 loaded 
fribidi/1.0.4 loaded 
pango/1.43.0 loaded 
texlive/2018 loaded 
R/4.0.2 loaded 
WARNING: ignoring environment value of R_HOME
[1] "   total nodes in final route  ---> 151"
[1] "   n  ---> 151"
[1] "   n1 ---> 75"
[1] "   NUMBER OF ERRORS -> 0"
[1] "l  ---> 151"
[1] "n  ---> 151"
[1] "n1 ---> 75"
[1] "CW Result: instances/CHAO_MCTTRP_11.txt"
[1] "    Cost 1467.32654520893"
[1] "    Time 114.009975910187 seconds"
[1] "    N trucks 18"
[1] "    N trailers 9"
[1] "    PTR 9"
[1] "    PVR 5"
[1] "    CVR 4"
[1] "    Route:  0 1 27 52 65 35 39 36 15 38 51 16 63 0 5 45 21 69 22 7 31 71 66 32 0 13 75 29 12 2 56 53 0 19 109 108 110 145 88 20 72 131 76 19 0 28 79 25 85 61 104 74 82 28 0 47 42 138 98 80 130 9 89 47 0 54 41 23 62 24 18 70 26 34 4 55 46 73 0 57 67 83 112 126 99 144 107 57 14 0 58 50 3 59 8 43 0 68 96 37 10 30 111 0 92 114 137 90 11 64 142 101 0 100 87 78 134 103 149 0 116 81 136 146 93 17 40 141 0 118 94 125 49 84 33 117 123 0 121 127 124 119 102 122 120 133 0 128 139 105 48 143 91 140 86 60 0 129 150 115 106 113 77 132 0 148 44 147 95 97 135 6 0"
[1] ""
[1] "[[ Stopping criteria ]] Max time"
[1] "Problem 11| type_problem MCTTRP| descent 0| init cost (CW): 1467.32654520893| cost ALNS: 1422.1083269742"
[1] "[[ Stopping criteria ]] Max time"
[1] "Problem 11| type_problem MCTTRP| descent 0| init cost (CW): 1467.32654520893| cost ALNS: 1396.64647053202"
[1] "[[ Stopping criteria ]] Max time"
[1] "Problem 11| type_problem MCTTRP| descent 0| init cost (CW): 1467.32654520893| cost ALNS: 1433.62280717802"
[1] "[[ Stopping criteria ]] Max time"
[1] "Problem 11| type_problem MCTTRP| descent 0| init cost (CW): 1467.32654520893| cost ALNS: 1456.14029229109"
[1] "[[ Stopping criteria ]] Max time"
[1] "Problem 11| type_problem MCTTRP| descent 0| init cost (CW): 1467.32654520893| cost ALNS: 1455.75828548399"
[1] "[[ Stopping criteria ]] Max time"
[1] "Problem 11| type_problem MCTTRP| descent 0| init cost (CW): 1467.32654520893| cost ALNS: 1380.87704310319"
[1] "[[ Stopping criteria ]] Max time"
[1] "Problem 11| type_problem MCTTRP| descent 0| init cost (CW): 1467.32654520893| cost ALNS: 1456.09970535753"
[1] "[[ Stopping criteria ]] Max time"
[1] "Problem 11| type_problem MCTTRP| descent 0| init cost (CW): 1467.32654520893| cost ALNS: 1437.28544619341"
[1] "[[ Stopping criteria ]] Max time"
[1] "Problem 11| type_problem MCTTRP| descent 0| init cost (CW): 1467.32654520893| cost ALNS: 1454.24890440781"
[1] "[[ Stopping criteria ]] Max time"
[1] "Problem 11| type_problem MCTTRP| descent 0| init cost (CW): 1467.32654520893| cost ALNS: 1458.7717119881"
