slurmstepd: info: Setting TMPDIR to /scratch/6505412. Previous errors about TMPDIR can be discarded
binutils/2.31.1 loaded 
gcc/6.4.0 loaded 
openblas/0.3.9 loaded 
fftw/3.3.8 loaded 
sed/4.5 loaded 
bzip2/1.0.6 loaded 
zlib/1.2.11 loaded 
pcre/8.42 loaded 
grep/3.1 loaded 
ncurses/6.1 loaded 
libreadline/7.0 loaded 
gawk/4.2.1 loaded 
tar/1.30 loaded 
coreutils/8.30 loaded 
findutils/4.6.0 loaded 
gmp/6.1.2 loaded 
nettle/3.4 loaded 
expat/2.2.6 loaded 
libpng/1.6.37 loaded 
freetype/2.9.1 loaded 
fontconfig/2.13.1 loaded 
libgpg-error/1.32 loaded 
libgcrypt/1.8.3 loaded 
libxslt/1.1.32 loaded 
x11/20180604 loaded 
libdrm/2.4.94 loaded 
llvm/6.0.1 loaded 
mesa/18.3.6 loaded 
libglu/9.0.0 loaded 
pixman/0.34.0 loaded 
libffi/3.2.1 loaded 
xz/5.2.4 loaded 
libxml2/2.9.7 loaded 
gettext/0.19.8.1 loaded 
dbus/1.13.6 loaded 
util-linux/2.32 loaded 
glib/2.58.0 loaded 
cairo/1.14.12 loaded 
libreadline/7.0 unloaded 
libreadline/8.0 loaded 
tcl/8.6.8 loaded 
sqlite/3.30.1 loaded 
pcre2/10.32 loaded 
nasm/2.13.03 loaded 
libjpeg-turbo/2.0.4 loaded 
libtiff/4.1.0 loaded 
jdk/8u181 loaded 
tk/8.6.8 loaded 
openssl/1.1.0i loaded 
curl/7.61.1 loaded 
gsl/2.6 loaded 
cairo/1.14.12 unloaded 
pixman/0.34.0 unloaded 
pixman/0.38.4 loaded 
glib/2.58.0 unloaded 
libxslt/1.1.32 unloaded 
libxml2/2.9.7 unloaded 
icu/63.1 loaded 
libxml2/2.9.7-icu-63.1 loaded 
libxslt/1.1.32-icu-63.1 loaded 
glib/2.58.2 loaded 
cairo/1.16.0 loaded 
harfbuzz/2.5.3 loaded 
gobject-introspection/1.61.1 loaded 
fribidi/1.0.4 loaded 
pango/1.43.0 loaded 
texlive/2018 loaded 
R/4.0.2 loaded 
WARNING: ignoring environment value of R_HOME
[1] "init descent_search"
[1] "it 1895.17428708292 < 1917.27613788138 mov move_tc indexr1 5 indexr2 2 mov_list_cost 1895.17428708292 mov_list_cost_feas 0 mov_list$opt_reconf 0"
[1] "it 1891.82734621636 < 1893.1945515932 mov exchange_tc_two_routes indexr1 2 indexr2 9 mov_list_cost 1891.82734621636 mov_list_cost_feas 0 mov_list$opt_reconf 0"
[1] "it 1890.79084563796 < 1891.05591308863 mov exchange_vc_two_routes indexr1 6 indexr2 9 mov_list_cost 1890.79084563796 mov_list_cost_feas 6.92337386208442e+218 mov_list$opt_reconf 0"
[1] "it 1890.75784126034 < 1890.79084563796 mov exchange_tc_two_routes indexr1 10 indexr2 11 mov_list_cost 1890.75784126034 mov_list_cost_feas 0 mov_list$opt_reconf 0"
[1] "it 1890.79084563796 < 1890.75784126034 mov exchange_tc_two_routes indexr1 10 indexr2 11 mov_list_cost 1890.79084563796 mov_list_cost_feas 0 mov_list$opt_reconf 0"
[1] "   total nodes in final route  ---> 121"
[1] "   n  ---> 121"
[1] "   n1 ---> 60"
[1] "   NUMBER OF ERRORS -> 0"
[1] "l  ---> 121"
[1] "n  ---> 121"
[1] "n1 ---> 60"
[1] "CW Result: instances/CHAO_MCTTRP_17.txt"
[1] "    Cost 1890.75784126034"
[1] "    Time 80.9723007678986 seconds"
[1] "    N trucks 11"
[1] "    N trailers 5"
[1] "    PTR 6"
[1] "    PVR 2"
[1] "    CVR 3"
[1] "    Route:  0 49 102 105 103 101 104 31 29 0 42 111 42 43 17 20 21 22 19 18 15 54 0 50 30 32 33 35 34 24 25 28 26 23 44 46 45 47 0 53 120 72 71 62 61 53 12 10 9 6 7 8 40 0 56 85 84 16 88 89 87 86 14 56 0 60 59 36 58 5 4 3 2 1 52 38 55 37 41 0 66 67 68 70 69 64 63 65 106 0 76 11 80 82 83 81 79 78 13 77 75 74 0 107 108 110 109 119 73 118 39 117 0 114 112 113 92 91 90 100 99 51 115 0 116 94 93 96 95 98 97 27 57 48 0"
[1] ""
[1] "[[ Stopping criteria ]] Max time"
[1] "Problem 17| type_problem MCTTRP| descent 1| init cost (CW): 1890.75784126034| cost ALNS: 1863.53670446413"
[1] "[[ Stopping criteria ]] Max time"
[1] "Problem 17| type_problem MCTTRP| descent 1| init cost (CW): 1890.75784126034| cost ALNS: 1659.45113860908"
[1] "[[ Stopping criteria ]] Max time"
[1] "Problem 17| type_problem MCTTRP| descent 1| init cost (CW): 1890.75784126034| cost ALNS: 1681.92902297014"
[1] "[[ Stopping criteria ]] Max time"
[1] "Problem 17| type_problem MCTTRP| descent 1| init cost (CW): 1890.75784126034| cost ALNS: 1843.84103863833"
[1] "[[ Stopping criteria ]] Max time"
[1] "Problem 17| type_problem MCTTRP| descent 1| init cost (CW): 1890.75784126034| cost ALNS: 1838.25658184764"
[1] "[[ Stopping criteria ]] Max time"
[1] "Problem 17| type_problem MCTTRP| descent 1| init cost (CW): 1890.75784126034| cost ALNS: 1676.15811846944"
[1] "[[ Stopping criteria ]] Max time"
[1] "Problem 17| type_problem MCTTRP| descent 1| init cost (CW): 1890.75784126034| cost ALNS: 1829.14120200671"
[1] "[[ Stopping criteria ]] Max time"
[1] "Problem 17| type_problem MCTTRP| descent 1| init cost (CW): 1890.75784126034| cost ALNS: 1678.22213468099"
[1] "[[ Stopping criteria ]] Max time"
[1] "Problem 17| type_problem MCTTRP| descent 1| init cost (CW): 1890.75784126034| cost ALNS: 1839.60153419066"
[1] "[[ Stopping criteria ]] Max time"
[1] "Problem 17| type_problem MCTTRP| descent 1| init cost (CW): 1890.75784126034| cost ALNS: 1731.6628255559"
