slurmstepd: info: Setting TMPDIR to /scratch/6504266. Previous errors about TMPDIR can be discarded
binutils/2.31.1 loaded 
gcc/6.4.0 loaded 
openblas/0.3.9 loaded 
fftw/3.3.8 loaded 
sed/4.5 loaded 
bzip2/1.0.6 loaded 
zlib/1.2.11 loaded 
pcre/8.42 loaded 
grep/3.1 loaded 
ncurses/6.1 loaded 
libreadline/7.0 loaded 
gawk/4.2.1 loaded 
tar/1.30 loaded 
coreutils/8.30 loaded 
findutils/4.6.0 loaded 
gmp/6.1.2 loaded 
nettle/3.4 loaded 
expat/2.2.6 loaded 
libpng/1.6.37 loaded 
freetype/2.9.1 loaded 
fontconfig/2.13.1 loaded 
libgpg-error/1.32 loaded 
libgcrypt/1.8.3 loaded 
libxslt/1.1.32 loaded 
x11/20180604 loaded 
libdrm/2.4.94 loaded 
llvm/6.0.1 loaded 
mesa/18.3.6 loaded 
libglu/9.0.0 loaded 
pixman/0.34.0 loaded 
libffi/3.2.1 loaded 
xz/5.2.4 loaded 
libxml2/2.9.7 loaded 
gettext/0.19.8.1 loaded 
dbus/1.13.6 loaded 
util-linux/2.32 loaded 
glib/2.58.0 loaded 
cairo/1.14.12 loaded 
libreadline/7.0 unloaded 
libreadline/8.0 loaded 
tcl/8.6.8 loaded 
sqlite/3.30.1 loaded 
pcre2/10.32 loaded 
nasm/2.13.03 loaded 
libjpeg-turbo/2.0.4 loaded 
libtiff/4.1.0 loaded 
jdk/8u181 loaded 
tk/8.6.8 loaded 
openssl/1.1.0i loaded 
curl/7.61.1 loaded 
gsl/2.6 loaded 
cairo/1.14.12 unloaded 
pixman/0.34.0 unloaded 
pixman/0.38.4 loaded 
glib/2.58.0 unloaded 
libxslt/1.1.32 unloaded 
libxml2/2.9.7 unloaded 
icu/63.1 loaded 
libxml2/2.9.7-icu-63.1 loaded 
libxslt/1.1.32-icu-63.1 loaded 
glib/2.58.2 loaded 
cairo/1.16.0 loaded 
harfbuzz/2.5.3 loaded 
gobject-introspection/1.61.1 loaded 
fribidi/1.0.4 loaded 
pango/1.43.0 loaded 
texlive/2018 loaded 
R/4.0.2 loaded 
[1] "   total nodes in final route  ---> 101"
[1] "   n  ---> 101"
[1] "   n1 ---> 50"
[1] "   NUMBER OF ERRORS -> 0"
[1] "l  ---> 101"
[1] "n  ---> 101"
[1] "n1 ---> 50"
[1] "END CW Algorithm"
[1] "Result: instances/CHAO_TTRP_08.txt"
[1] "    Cost 1061.36706942817"
[1] "    Time 20.6375980377197 seconds"
[1] "    N trucks 8"
[1] "    N trailers 4"
[1] "    PTR 4"
[1] "    PVR 0"
[1] "    CVR 4"
[1] "    Route:  0 8 81 34 63 83 52 82 75 84 8 85 5 46 21 22 45 8 0 15 43 25 19 41 42 14 35 16 68 59 25 2 37 17 18 0 60 76 51 44 61 6 39 49 20 0 36 3 47 32 13 7 62 90 74 7 40 33 23 31 30 29 4 0 54 99 93 88 73 56 91 100 98 64 92 0 55 1 38 66 58 79 80 69 77 78 57 65 0 72 86 87 53 71 97 89 95 96 0 50 94 70 67 50 12 11 48 24 28 9 27 10 26 0"
[1] ""
[1] "[[ Stopping criteria ]] Max time"
[1] "Problem 8| type_problem TTRP| descent 0| init cost (CW): 1061.36706942817| cost ALNS: 981.808559626795"
[1] "[[ Stopping criteria ]] Max time"
[1] "Problem 8| type_problem TTRP| descent 0| init cost (CW): 1061.36706942817| cost ALNS: 1018.31593995114"
[1] "[[ Stopping criteria ]] Max time"
[1] "Problem 8| type_problem TTRP| descent 0| init cost (CW): 1061.36706942817| cost ALNS: 1016.38576701105"
[1] "[[ Stopping criteria ]] Max time"
[1] "Problem 8| type_problem TTRP| descent 0| init cost (CW): 1061.36706942817| cost ALNS: 953.612334168191"
[1] "[[ Stopping criteria ]] Max time"
[1] "Problem 8| type_problem TTRP| descent 0| init cost (CW): 1061.36706942817| cost ALNS: 1014.97420822932"
[1] "[[ Stopping criteria ]] Max time"
[1] "Problem 8| type_problem TTRP| descent 0| init cost (CW): 1061.36706942817| cost ALNS: 952.258170111698"
[1] "[[ Stopping criteria ]] Max time"
[1] "Problem 8| type_problem TTRP| descent 0| init cost (CW): 1061.36706942817| cost ALNS: 1037.70289731803"
[1] "[[ Stopping criteria ]] Max time"
[1] "Problem 8| type_problem TTRP| descent 0| init cost (CW): 1061.36706942817| cost ALNS: 1003.97555605849"
[1] "[[ Stopping criteria ]] Max time"
[1] "Problem 8| type_problem TTRP| descent 0| init cost (CW): 1061.36706942817| cost ALNS: 948.83316655194"
[1] "[[ Stopping criteria ]] Max time"
[1] "Problem 8| type_problem TTRP| descent 0| init cost (CW): 1061.36706942817| cost ALNS: 995.214904975667"
