slurmstepd: info: Setting TMPDIR to /scratch/6504263. Previous errors about TMPDIR can be discarded
binutils/2.31.1 loaded 
gcc/6.4.0 loaded 
openblas/0.3.9 loaded 
fftw/3.3.8 loaded 
sed/4.5 loaded 
bzip2/1.0.6 loaded 
zlib/1.2.11 loaded 
pcre/8.42 loaded 
grep/3.1 loaded 
ncurses/6.1 loaded 
libreadline/7.0 loaded 
gawk/4.2.1 loaded 
tar/1.30 loaded 
coreutils/8.30 loaded 
findutils/4.6.0 loaded 
gmp/6.1.2 loaded 
nettle/3.4 loaded 
expat/2.2.6 loaded 
libpng/1.6.37 loaded 
freetype/2.9.1 loaded 
fontconfig/2.13.1 loaded 
libgpg-error/1.32 loaded 
libgcrypt/1.8.3 loaded 
libxslt/1.1.32 loaded 
x11/20180604 loaded 
libdrm/2.4.94 loaded 
llvm/6.0.1 loaded 
mesa/18.3.6 loaded 
libglu/9.0.0 loaded 
pixman/0.34.0 loaded 
libffi/3.2.1 loaded 
xz/5.2.4 loaded 
libxml2/2.9.7 loaded 
gettext/0.19.8.1 loaded 
dbus/1.13.6 loaded 
util-linux/2.32 loaded 
glib/2.58.0 loaded 
cairo/1.14.12 loaded 
libreadline/7.0 unloaded 
libreadline/8.0 loaded 
tcl/8.6.8 loaded 
sqlite/3.30.1 loaded 
pcre2/10.32 loaded 
nasm/2.13.03 loaded 
libjpeg-turbo/2.0.4 loaded 
libtiff/4.1.0 loaded 
jdk/8u181 loaded 
tk/8.6.8 loaded 
openssl/1.1.0i loaded 
curl/7.61.1 loaded 
gsl/2.6 loaded 
cairo/1.14.12 unloaded 
pixman/0.34.0 unloaded 
pixman/0.38.4 loaded 
glib/2.58.0 unloaded 
libxslt/1.1.32 unloaded 
libxml2/2.9.7 unloaded 
icu/63.1 loaded 
libxml2/2.9.7-icu-63.1 loaded 
libxslt/1.1.32-icu-63.1 loaded 
glib/2.58.2 loaded 
cairo/1.16.0 loaded 
harfbuzz/2.5.3 loaded 
gobject-introspection/1.61.1 loaded 
fribidi/1.0.4 loaded 
pango/1.43.0 loaded 
texlive/2018 loaded 
R/4.0.2 loaded 
[1] "   total nodes in final route  ---> 76"
[1] "   n  ---> 76"
[1] "   n1 ---> 38"
[1] "   NUMBER OF ERRORS -> 0"
[1] "l  ---> 76"
[1] "n  ---> 76"
[1] "n1 ---> 38"
[1] "END CW Algorithm"
[1] "Result: instances/CHAO_TTRP_05.txt"
[1] "    Cost 1158.64773250521"
[1] "    Time 6.70276618003845 seconds"
[1] "    N trucks 9"
[1] "    N trailers 5"
[1] "    PTR 4"
[1] "    PVR 1"
[1] "    CVR 4"
[1] "    Route:  0 8 26 9 30 16 20 3 65 54 68 3 21 0 19 29 10 6 36 4 28 17 0 24 2 5 64 47 11 22 2 23 12 18 38 0 27 72 66 71 49 27 7 56 40 7 25 15 31 14 34 0 43 53 44 63 48 61 0 1 51 39 74 67 1 59 57 58 35 13 33 1 0 69 32 62 52 0 37 60 50 45 55 73 0 75 41 70 42 46 0"
[1] ""
[1] "[[ Stopping criteria ]] Max time"
[1] "Problem 5| type_problem TTRP| descent 0| init cost (CW): 1158.64773250521| cost ALNS: 1012.83590442704"
[1] "[[ Stopping criteria ]] Max time"
[1] "Problem 5| type_problem TTRP| descent 0| init cost (CW): 1158.64773250521| cost ALNS: 1026.8839624194"
[1] "[[ Stopping criteria ]] Max time"
[1] "Problem 5| type_problem TTRP| descent 0| init cost (CW): 1158.64773250521| cost ALNS: 1043.48965809367"
[1] "[[ Stopping criteria ]] Max time"
[1] "Problem 5| type_problem TTRP| descent 0| init cost (CW): 1158.64773250521| cost ALNS: 1039.96034031645"
[1] "[[ Stopping criteria ]] Max time"
[1] "Problem 5| type_problem TTRP| descent 0| init cost (CW): 1158.64773250521| cost ALNS: 1008.01318973528"
[1] "[[ Stopping criteria ]] Max time"
[1] "Problem 5| type_problem TTRP| descent 0| init cost (CW): 1158.64773250521| cost ALNS: 1026.50283408935"
[1] "[[ Stopping criteria ]] Max time"
[1] "Problem 5| type_problem TTRP| descent 0| init cost (CW): 1158.64773250521| cost ALNS: 1004.2750656132"
[1] "[[ Stopping criteria ]] Max time"
[1] "Problem 5| type_problem TTRP| descent 0| init cost (CW): 1158.64773250521| cost ALNS: 1061.67073552498"
[1] "[[ Stopping criteria ]] Max time"
[1] "Problem 5| type_problem TTRP| descent 0| init cost (CW): 1158.64773250521| cost ALNS: 1020.9548725741"
[1] "[[ Stopping criteria ]] Max time"
[1] "Problem 5| type_problem TTRP| descent 0| init cost (CW): 1158.64773250521| cost ALNS: 1028.81044425957"
