slurmstepd: info: Setting TMPDIR to /scratch/6505413. Previous errors about TMPDIR can be discarded
binutils/2.31.1 loaded 
gcc/6.4.0 loaded 
openblas/0.3.9 loaded 
fftw/3.3.8 loaded 
sed/4.5 loaded 
bzip2/1.0.6 loaded 
zlib/1.2.11 loaded 
pcre/8.42 loaded 
grep/3.1 loaded 
ncurses/6.1 loaded 
libreadline/7.0 loaded 
gawk/4.2.1 loaded 
tar/1.30 loaded 
coreutils/8.30 loaded 
findutils/4.6.0 loaded 
gmp/6.1.2 loaded 
nettle/3.4 loaded 
expat/2.2.6 loaded 
libpng/1.6.37 loaded 
freetype/2.9.1 loaded 
fontconfig/2.13.1 loaded 
libgpg-error/1.32 loaded 
libgcrypt/1.8.3 loaded 
libxslt/1.1.32 loaded 
x11/20180604 loaded 
libdrm/2.4.94 loaded 
llvm/6.0.1 loaded 
mesa/18.3.6 loaded 
libglu/9.0.0 loaded 
pixman/0.34.0 loaded 
libffi/3.2.1 loaded 
xz/5.2.4 loaded 
libxml2/2.9.7 loaded 
gettext/0.19.8.1 loaded 
dbus/1.13.6 loaded 
util-linux/2.32 loaded 
glib/2.58.0 loaded 
cairo/1.14.12 loaded 
libreadline/7.0 unloaded 
libreadline/8.0 loaded 
tcl/8.6.8 loaded 
sqlite/3.30.1 loaded 
pcre2/10.32 loaded 
nasm/2.13.03 loaded 
libjpeg-turbo/2.0.4 loaded 
libtiff/4.1.0 loaded 
jdk/8u181 loaded 
tk/8.6.8 loaded 
openssl/1.1.0i loaded 
curl/7.61.1 loaded 
gsl/2.6 loaded 
cairo/1.14.12 unloaded 
pixman/0.34.0 unloaded 
pixman/0.38.4 loaded 
glib/2.58.0 unloaded 
libxslt/1.1.32 unloaded 
libxml2/2.9.7 unloaded 
icu/63.1 loaded 
libxml2/2.9.7-icu-63.1 loaded 
libxslt/1.1.32-icu-63.1 loaded 
glib/2.58.2 loaded 
cairo/1.16.0 loaded 
harfbuzz/2.5.3 loaded 
gobject-introspection/1.61.1 loaded 
fribidi/1.0.4 loaded 
pango/1.43.0 loaded 
texlive/2018 loaded 
R/4.0.2 loaded 
WARNING: ignoring environment value of R_HOME
[1] "init descent_search"
[1] "it 1955.94750825507 < 2039.364665412 mov exchange_vc_two_routes indexr1 1 indexr2 3 mov_list_cost 1955.94750825507 mov_list_cost_feas 0 mov_list$opt_reconf 0"
[1] "it 1922.7297716281 < 1955.35972514292 mov exchange_vc_two_routes indexr1 1 indexr2 3 mov_list_cost 1922.7297716281 mov_list_cost_feas 0 mov_list$opt_reconf 0"
[1] "it 1911.85878967214 < 1921.13615199603 mov move_subroute_same_route indexr1 3 indexr2 0 mov_list_cost 1911.85878967214 mov_list_cost_feas 0 mov_list$opt_reconf 1"
[1] "it 1909.55070534497 < 1911.85878967214 mov exchange_tc_two_routes indexr1 4 indexr2 5 mov_list_cost 1909.55070534497 mov_list_cost_feas 6.92337386208442e+218 mov_list$opt_reconf 0"
[1] "it 1907.6458008141 < 1909.55070534497 mov exchange_vc_two_routes indexr1 1 indexr2 3 mov_list_cost 1907.6458008141 mov_list_cost_feas 0 mov_list$opt_reconf 0"
[1] "it 1903.86966208962 < 1905.35474014975 mov move_subroute_same_route indexr1 4 indexr2 0 mov_list_cost 1903.86966208962 mov_list_cost_feas 6.92337386208442e+218 mov_list$opt_reconf 1"
[1] "it 1900.4692529585 < 1903.52651633912 mov exchange_tc_two_routes indexr1 4 indexr2 5 mov_list_cost 1900.4692529585 mov_list_cost_feas 6.92337386208442e+218 mov_list$opt_reconf 0"
[1] "it 1898.95700092658 < 1900.43578380578 mov exchange_tc_two_routes indexr1 1 indexr2 2 mov_list_cost 1898.95700092658 mov_list_cost_feas 0 mov_list$opt_reconf 0"
[1] "it 1897.54063992794 < 1898.95700092658 mov exchange_tc_two_routes indexr1 10 indexr2 11 mov_list_cost 1897.54063992794 mov_list_cost_feas 0 mov_list$opt_reconf 0"
[1] "it 1896.48317645103 < 1897.35395083358 mov move_tc indexr1 9 indexr2 3 mov_list_cost 1896.48317645103 mov_list_cost_feas 0 mov_list$opt_reconf 0"
[1] "it 1894.03269312389 < 1896.48317645103 mov move_tc indexr1 8 indexr2 9 mov_list_cost 1894.03269312389 mov_list_cost_feas 0 mov_list$opt_reconf 0"
[1] "it 1893.62449424095 < 1894.03269312389 mov exchange_tc_two_routes indexr1 4 indexr2 5 mov_list_cost 1893.62449424095 mov_list_cost_feas 6.92337386208442e+218 mov_list$opt_reconf 0"
[1] "it 1892.99078791103 < 1893.62449424095 mov exchange_tc_two_routes indexr1 4 indexr2 5 mov_list_cost 1892.99078791103 mov_list_cost_feas 6.92337386208442e+218 mov_list$opt_reconf 0"
[1] "it 1890.64411550376 < 1890.91930711341 mov exchange_tc_two_routes indexr1 8 indexr2 9 mov_list_cost 1890.64411550376 mov_list_cost_feas 0 mov_list$opt_reconf 0"
[1] "it 1890.59948624341 < 1890.59948624341 mov move_vc indexr1 3 indexr2 8 mov_list_cost 1890.59948624341 mov_list_cost_feas 0 mov_list$opt_reconf 0"
[1] "   total nodes in final route  ---> 121"
[1] "   n  ---> 121"
[1] "   n1 ---> 30"
[1] "   NUMBER OF ERRORS -> 0"
[1] "l  ---> 121"
[1] "n  ---> 121"
[1] "n1 ---> 30"
[1] "CW Result: instances/CHAO_MCTTRP_18.txt"
[1] "    Cost 1890.59948624341"
[1] "    Time 132.046853303909 seconds"
[1] "    N trucks 11"
[1] "    N trailers 4"
[1] "    PTR 7"
[1] "    PVR 0"
[1] "    CVR 4"
[1] "    Route:  0 28 26 5 74 76 75 5 8 9 12 11 10 7 4 0 30 16 18 17 19 14 80 79 81 78 77 14 15 13 23 0 25 65 64 6 66 68 67 69 3 54 49 25 27 22 21 0 24 94 119 117 93 32 31 33 35 36 24 1 2 20 29 0 116 34 39 40 43 42 41 38 37 0 53 56 59 62 63 61 58 57 60 55 52 50 0 70 71 72 73 82 84 83 110 0 102 101 100 46 120 118 104 103 105 0 98 92 115 96 95 51 48 99 97 0 109 108 106 44 47 45 107 111 113 112 0 114 85 88 86 89 91 90 87 0"
[1] ""
[1] "[[ Stopping criteria ]] Max time"
[1] "Problem 18| type_problem MCTTRP| descent 1| init cost (CW): 1890.59948624341| cost ALNS: 1767.01692805737"
[1] "[[ Stopping criteria ]] Max time"
[1] "Problem 18| type_problem MCTTRP| descent 1| init cost (CW): 1890.59948624341| cost ALNS: 1838.37921962132"
[1] "[[ Stopping criteria ]] Max time"
[1] "Problem 18| type_problem MCTTRP| descent 1| init cost (CW): 1890.59948624341| cost ALNS: 1880.50442140579"
[1] "[[ Stopping criteria ]] Max time"
[1] "Problem 18| type_problem MCTTRP| descent 1| init cost (CW): 1890.59948624341| cost ALNS: 1751.44653124204"
[1] "[[ Stopping criteria ]] Max time"
[1] "Problem 18| type_problem MCTTRP| descent 1| init cost (CW): 1890.59948624341| cost ALNS: 1846.81398319131"
[1] "[[ Stopping criteria ]] Max time"
[1] "Problem 18| type_problem MCTTRP| descent 1| init cost (CW): 1890.59948624341| cost ALNS: 1779.47864744123"
[1] "[[ Stopping criteria ]] Max time"
[1] "Problem 18| type_problem MCTTRP| descent 1| init cost (CW): 1890.59948624341| cost ALNS: 1867.68279109661"
[1] "[[ Stopping criteria ]] Max time"
[1] "Problem 18| type_problem MCTTRP| descent 1| init cost (CW): 1890.59948624341| cost ALNS: 1890.59948624341"
[1] "[[ Stopping criteria ]] Max time"
[1] "Problem 18| type_problem MCTTRP| descent 1| init cost (CW): 1890.59948624341| cost ALNS: 1881.8785362325"
[1] "[[ Stopping criteria ]] Max time"
[1] "Problem 18| type_problem MCTTRP| descent 1| init cost (CW): 1890.59948624341| cost ALNS: 1875.3139719956"
