slurmstepd: info: Setting TMPDIR to /scratch/6505434. Previous errors about TMPDIR can be discarded
binutils/2.31.1 loaded 
gcc/6.4.0 loaded 
openblas/0.3.9 loaded 
fftw/3.3.8 loaded 
sed/4.5 loaded 
bzip2/1.0.6 loaded 
zlib/1.2.11 loaded 
pcre/8.42 loaded 
grep/3.1 loaded 
ncurses/6.1 loaded 
libreadline/7.0 loaded 
gawk/4.2.1 loaded 
tar/1.30 loaded 
coreutils/8.30 loaded 
findutils/4.6.0 loaded 
gmp/6.1.2 loaded 
nettle/3.4 loaded 
expat/2.2.6 loaded 
libpng/1.6.37 loaded 
freetype/2.9.1 loaded 
fontconfig/2.13.1 loaded 
libgpg-error/1.32 loaded 
libgcrypt/1.8.3 loaded 
libxslt/1.1.32 loaded 
x11/20180604 loaded 
libdrm/2.4.94 loaded 
llvm/6.0.1 loaded 
mesa/18.3.6 loaded 
libglu/9.0.0 loaded 
pixman/0.34.0 loaded 
libffi/3.2.1 loaded 
xz/5.2.4 loaded 
libxml2/2.9.7 loaded 
gettext/0.19.8.1 loaded 
dbus/1.13.6 loaded 
util-linux/2.32 loaded 
glib/2.58.0 loaded 
cairo/1.14.12 loaded 
libreadline/7.0 unloaded 
libreadline/8.0 loaded 
tcl/8.6.8 loaded 
sqlite/3.30.1 loaded 
pcre2/10.32 loaded 
nasm/2.13.03 loaded 
libjpeg-turbo/2.0.4 loaded 
libtiff/4.1.0 loaded 
jdk/8u181 loaded 
tk/8.6.8 loaded 
openssl/1.1.0i loaded 
curl/7.61.1 loaded 
gsl/2.6 loaded 
cairo/1.14.12 unloaded 
pixman/0.34.0 unloaded 
pixman/0.38.4 loaded 
glib/2.58.0 unloaded 
libxslt/1.1.32 unloaded 
libxml2/2.9.7 unloaded 
icu/63.1 loaded 
libxml2/2.9.7-icu-63.1 loaded 
libxslt/1.1.32-icu-63.1 loaded 
glib/2.58.2 loaded 
cairo/1.16.0 loaded 
harfbuzz/2.5.3 loaded 
gobject-introspection/1.61.1 loaded 
fribidi/1.0.4 loaded 
pango/1.43.0 loaded 
texlive/2018 loaded 
R/4.0.2 loaded 
WARNING: ignoring environment value of R_HOME
[1] "   total nodes in final route  ---> 121"
[1] "   n  ---> 121"
[1] "   n1 ---> 30"
[1] "   NUMBER OF ERRORS -> 0"
[1] "l  ---> 121"
[1] "n  ---> 121"
[1] "n1 ---> 30"
[1] "CW Result: instances/CHAO_MCTTRP_18.txt"
[1] "    Cost 2048.7090706131"
[1] "    Time 53.559588432312 seconds"
[1] "    N trucks 11"
[1] "    N trailers 4"
[1] "    PTR 7"
[1] "    PVR 0"
[1] "    CVR 4"
[1] "    Route:  0 21 22 7 10 12 11 9 8 5 77 76 75 5 26 0 23 13 15 14 80 79 78 81 74 14 19 18 17 16 30 0 27 65 64 6 68 69 67 66 4 54 27 25 3 28 0 29 20 116 119 117 93 37 35 32 31 94 20 2 1 24 0 34 33 39 40 43 42 41 38 36 0 53 56 59 62 63 61 60 57 58 55 52 50 0 73 72 71 70 82 84 83 110 0 95 99 101 100 118 120 46 104 103 105 0 98 92 115 96 49 51 48 102 97 0 109 108 47 44 45 107 106 114 113 112 0 111 87 90 91 89 86 88 85 0"
[1] ""
[1] "[[ Stopping criteria ]] Max time"
[1] "Problem 18| type_problem MCTTRP| descent 0| init cost (CW): 2048.7090706131| cost ALNS: 1895.652785927"
[1] "[[ Stopping criteria ]] Max time"
[1] "Problem 18| type_problem MCTTRP| descent 0| init cost (CW): 2048.7090706131| cost ALNS: 1895.00128803653"
[1] "[[ Stopping criteria ]] Max time"
[1] "Problem 18| type_problem MCTTRP| descent 0| init cost (CW): 2048.7090706131| cost ALNS: 1895.0910226688"
[1] "[[ Stopping criteria ]] Max time"
[1] "Problem 18| type_problem MCTTRP| descent 0| init cost (CW): 2048.7090706131| cost ALNS: 1787.29109719206"
[1] "[[ Stopping criteria ]] Max time"
[1] "Problem 18| type_problem MCTTRP| descent 0| init cost (CW): 2048.7090706131| cost ALNS: 1858.62122515672"
[1] "[[ Stopping criteria ]] Max time"
[1] "Problem 18| type_problem MCTTRP| descent 0| init cost (CW): 2048.7090706131| cost ALNS: 1885.72824746824"
[1] "[[ Stopping criteria ]] Max time"
[1] "Problem 18| type_problem MCTTRP| descent 0| init cost (CW): 2048.7090706131| cost ALNS: 1912.45859330001"
[1] "[[ Stopping criteria ]] Max time"
[1] "Problem 18| type_problem MCTTRP| descent 0| init cost (CW): 2048.7090706131| cost ALNS: 1753.94801032014"
[1] "[[ Stopping criteria ]] Max time"
[1] "Problem 18| type_problem MCTTRP| descent 0| init cost (CW): 2048.7090706131| cost ALNS: 1770.07300555247"
[1] "[[ Stopping criteria ]] Max time"
[1] "Problem 18| type_problem MCTTRP| descent 0| init cost (CW): 2048.7090706131| cost ALNS: 1907.04144586057"
