slurmstepd: info: Setting TMPDIR to /scratch/6504264. Previous errors about TMPDIR can be discarded
binutils/2.31.1 loaded 
gcc/6.4.0 loaded 
openblas/0.3.9 loaded 
fftw/3.3.8 loaded 
sed/4.5 loaded 
bzip2/1.0.6 loaded 
zlib/1.2.11 loaded 
pcre/8.42 loaded 
grep/3.1 loaded 
ncurses/6.1 loaded 
libreadline/7.0 loaded 
gawk/4.2.1 loaded 
tar/1.30 loaded 
coreutils/8.30 loaded 
findutils/4.6.0 loaded 
gmp/6.1.2 loaded 
nettle/3.4 loaded 
expat/2.2.6 loaded 
libpng/1.6.37 loaded 
freetype/2.9.1 loaded 
fontconfig/2.13.1 loaded 
libgpg-error/1.32 loaded 
libgcrypt/1.8.3 loaded 
libxslt/1.1.32 loaded 
x11/20180604 loaded 
libdrm/2.4.94 loaded 
llvm/6.0.1 loaded 
mesa/18.3.6 loaded 
libglu/9.0.0 loaded 
pixman/0.34.0 loaded 
libffi/3.2.1 loaded 
xz/5.2.4 loaded 
libxml2/2.9.7 loaded 
gettext/0.19.8.1 loaded 
dbus/1.13.6 loaded 
util-linux/2.32 loaded 
glib/2.58.0 loaded 
cairo/1.14.12 loaded 
libreadline/7.0 unloaded 
libreadline/8.0 loaded 
tcl/8.6.8 loaded 
sqlite/3.30.1 loaded 
pcre2/10.32 loaded 
nasm/2.13.03 loaded 
libjpeg-turbo/2.0.4 loaded 
libtiff/4.1.0 loaded 
jdk/8u181 loaded 
tk/8.6.8 loaded 
openssl/1.1.0i loaded 
curl/7.61.1 loaded 
gsl/2.6 loaded 
cairo/1.14.12 unloaded 
pixman/0.34.0 unloaded 
pixman/0.38.4 loaded 
glib/2.58.0 unloaded 
libxslt/1.1.32 unloaded 
libxml2/2.9.7 unloaded 
icu/63.1 loaded 
libxml2/2.9.7-icu-63.1 loaded 
libxslt/1.1.32-icu-63.1 loaded 
glib/2.58.2 loaded 
cairo/1.16.0 loaded 
harfbuzz/2.5.3 loaded 
gobject-introspection/1.61.1 loaded 
fribidi/1.0.4 loaded 
pango/1.43.0 loaded 
texlive/2018 loaded 
R/4.0.2 loaded 
[1] "   total nodes in final route  ---> 76"
[1] "   n  ---> 76"
[1] "   n1 ---> 19"
[1] "   NUMBER OF ERRORS -> 0"
[1] "l  ---> 76"
[1] "n  ---> 76"
[1] "n1 ---> 19"
[1] "END CW Algorithm"
[1] "Result: instances/CHAO_TTRP_06.txt"
[1] "    Cost 1202.06328985804"
[1] "    Time 6.34038162231445 seconds"
[1] "    N trucks 9"
[1] "    N trailers 5"
[1] "    PTR 4"
[1] "    PVR 0"
[1] "    CVR 5"
[1] "    Route:  0 3 13 5 4 2 12 44 25 12 11 7 0 32 37 26 55 43 0 31 61 24 1 69 0 18 47 67 18 63 28 72 29 49 18 15 0 6 52 50 51 17 6 42 20 73 65 39 6 16 0 8 58 33 14 10 48 8 59 21 53 41 27 8 0 9 57 54 38 60 9 45 19 71 64 70 34 46 40 9 0 62 30 23 56 35 74 0 68 22 75 36 66 0"
[1] ""
[1] "[[ Stopping criteria ]] Max time"
[1] "Problem 6| type_problem TTRP| descent 0| init cost (CW): 1202.06328985804| cost ALNS: 1096.4598830767"
[1] "[[ Stopping criteria ]] Max time"
[1] "Problem 6| type_problem TTRP| descent 0| init cost (CW): 1202.06328985804| cost ALNS: 1056.32026393512"
[1] "[[ Stopping criteria ]] Max time"
[1] "Problem 6| type_problem TTRP| descent 0| init cost (CW): 1202.06328985804| cost ALNS: 1113.57711436519"
[1] "[[ Stopping criteria ]] Max time"
[1] "Problem 6| type_problem TTRP| descent 0| init cost (CW): 1202.06328985804| cost ALNS: 1097.12737264353"
[1] "[[ Stopping criteria ]] Max time"
[1] "Problem 6| type_problem TTRP| descent 0| init cost (CW): 1202.06328985804| cost ALNS: 1143.52330437347"
[1] "[[ Stopping criteria ]] Max time"
[1] "Problem 6| type_problem TTRP| descent 0| init cost (CW): 1202.06328985804| cost ALNS: 1108.44720929779"
[1] "[[ Stopping criteria ]] Max time"
[1] "Problem 6| type_problem TTRP| descent 0| init cost (CW): 1202.06328985804| cost ALNS: 1092.3328286211"
[1] "[[ Stopping criteria ]] Max time"
[1] "Problem 6| type_problem TTRP| descent 0| init cost (CW): 1202.06328985804| cost ALNS: 1092.20269204881"
[1] "[[ Stopping criteria ]] Max time"
[1] "Problem 6| type_problem TTRP| descent 0| init cost (CW): 1202.06328985804| cost ALNS: 1148.81701643219"
[1] "[[ Stopping criteria ]] Max time"
[1] "Problem 6| type_problem TTRP| descent 0| init cost (CW): 1202.06328985804| cost ALNS: 1088.21217743089"
