slurmstepd: info: Setting TMPDIR to /scratch/6504259. Previous errors about TMPDIR can be discarded
binutils/2.31.1 loaded 
gcc/6.4.0 loaded 
openblas/0.3.9 loaded 
fftw/3.3.8 loaded 
sed/4.5 loaded 
bzip2/1.0.6 loaded 
zlib/1.2.11 loaded 
pcre/8.42 loaded 
grep/3.1 loaded 
ncurses/6.1 loaded 
libreadline/7.0 loaded 
gawk/4.2.1 loaded 
tar/1.30 loaded 
coreutils/8.30 loaded 
findutils/4.6.0 loaded 
gmp/6.1.2 loaded 
nettle/3.4 loaded 
expat/2.2.6 loaded 
libpng/1.6.37 loaded 
freetype/2.9.1 loaded 
fontconfig/2.13.1 loaded 
libgpg-error/1.32 loaded 
libgcrypt/1.8.3 loaded 
libxslt/1.1.32 loaded 
x11/20180604 loaded 
libdrm/2.4.94 loaded 
llvm/6.0.1 loaded 
mesa/18.3.6 loaded 
libglu/9.0.0 loaded 
pixman/0.34.0 loaded 
libffi/3.2.1 loaded 
xz/5.2.4 loaded 
libxml2/2.9.7 loaded 
gettext/0.19.8.1 loaded 
dbus/1.13.6 loaded 
util-linux/2.32 loaded 
glib/2.58.0 loaded 
cairo/1.14.12 loaded 
libreadline/7.0 unloaded 
libreadline/8.0 loaded 
tcl/8.6.8 loaded 
sqlite/3.30.1 loaded 
pcre2/10.32 loaded 
nasm/2.13.03 loaded 
libjpeg-turbo/2.0.4 loaded 
libtiff/4.1.0 loaded 
jdk/8u181 loaded 
tk/8.6.8 loaded 
openssl/1.1.0i loaded 
curl/7.61.1 loaded 
gsl/2.6 loaded 
cairo/1.14.12 unloaded 
pixman/0.34.0 unloaded 
pixman/0.38.4 loaded 
glib/2.58.0 unloaded 
libxslt/1.1.32 unloaded 
libxml2/2.9.7 unloaded 
icu/63.1 loaded 
libxml2/2.9.7-icu-63.1 loaded 
libxslt/1.1.32-icu-63.1 loaded 
glib/2.58.2 loaded 
cairo/1.16.0 loaded 
harfbuzz/2.5.3 loaded 
gobject-introspection/1.61.1 loaded 
fribidi/1.0.4 loaded 
pango/1.43.0 loaded 
texlive/2018 loaded 
R/4.0.2 loaded 
[1] "   total nodes in final route  ---> 51"
[1] "   n  ---> 51"
[1] "   n1 ---> 38"
[1] "   NUMBER OF ERRORS -> 0"
[1] "l  ---> 51"
[1] "n  ---> 51"
[1] "n1 ---> 38"
[1] "END CW Algorithm"
[1] "Result: instances/CHAO_TTRP_01.txt"
[1] "    Cost 647.725674543335"
[1] "    Time 1.52327346801758 seconds"
[1] "    N trucks 5"
[1] "    N trailers 3"
[1] "    PTR 2"
[1] "    PVR 1"
[1] "    CVR 2"
[1] "    Route:  0 6 19 40 34 17 16 0 24 21 2 29 28 13 22 14 27 23 31 26 36 0 8 25 39 15 1 8 4 48 30 43 50 41 38 7 11 46 4 0 44 35 33 45 32 47 9 0 20 37 5 10 18 12 3 49 42 3 0"
[1] ""
[1] "[[ Stopping criteria ]] Max time"
[1] "Problem 1| type_problem TTRP| descent 0| init cost (CW): 647.725674543335| cost ALNS: 634.464226483369"
[1] "[[ Stopping criteria ]] Max time"
[1] "Problem 1| type_problem TTRP| descent 0| init cost (CW): 647.725674543335| cost ALNS: 635.147030739962"
[1] "[[ Stopping criteria ]] Max time"
[1] "Problem 1| type_problem TTRP| descent 0| init cost (CW): 647.725674543335| cost ALNS: 632.38875856607"
[1] "[[ Stopping criteria ]] Max time"
[1] "Problem 1| type_problem TTRP| descent 0| init cost (CW): 647.725674543335| cost ALNS: 625.063472518833"
[1] "[[ Stopping criteria ]] Max time"
[1] "Problem 1| type_problem TTRP| descent 0| init cost (CW): 647.725674543335| cost ALNS: 628.333416959233"
[1] "[[ Stopping criteria ]] Max time"
[1] "Problem 1| type_problem TTRP| descent 0| init cost (CW): 647.725674543335| cost ALNS: 625.746276775426"
[1] "[[ Stopping criteria ]] Max time"
[1] "Problem 1| type_problem TTRP| descent 0| init cost (CW): 647.725674543335| cost ALNS: 630.03714651884"
[1] "[[ Stopping criteria ]] Max time"
[1] "Problem 1| type_problem TTRP| descent 0| init cost (CW): 647.725674543335| cost ALNS: 647.725674543335"
[1] "[[ Stopping criteria ]] Max time"
[1] "Problem 1| type_problem TTRP| descent 0| init cost (CW): 647.725674543335| cost ALNS: 634.464226483369"
[1] "[[ Stopping criteria ]] Max time"
[1] "Problem 1| type_problem TTRP| descent 0| init cost (CW): 647.725674543335| cost ALNS: 633.508191335058"
