slurmstepd: info: Setting TMPDIR to /scratch/6505418. Previous errors about TMPDIR can be discarded
binutils/2.31.1 loaded 
gcc/6.4.0 loaded 
openblas/0.3.9 loaded 
fftw/3.3.8 loaded 
sed/4.5 loaded 
bzip2/1.0.6 loaded 
zlib/1.2.11 loaded 
pcre/8.42 loaded 
grep/3.1 loaded 
ncurses/6.1 loaded 
libreadline/7.0 loaded 
gawk/4.2.1 loaded 
tar/1.30 loaded 
coreutils/8.30 loaded 
findutils/4.6.0 loaded 
gmp/6.1.2 loaded 
nettle/3.4 loaded 
expat/2.2.6 loaded 
libpng/1.6.37 loaded 
freetype/2.9.1 loaded 
fontconfig/2.13.1 loaded 
libgpg-error/1.32 loaded 
libgcrypt/1.8.3 loaded 
libxslt/1.1.32 loaded 
x11/20180604 loaded 
libdrm/2.4.94 loaded 
llvm/6.0.1 loaded 
mesa/18.3.6 loaded 
libglu/9.0.0 loaded 
pixman/0.34.0 loaded 
libffi/3.2.1 loaded 
xz/5.2.4 loaded 
libxml2/2.9.7 loaded 
gettext/0.19.8.1 loaded 
dbus/1.13.6 loaded 
util-linux/2.32 loaded 
glib/2.58.0 loaded 
cairo/1.14.12 loaded 
libreadline/7.0 unloaded 
libreadline/8.0 loaded 
tcl/8.6.8 loaded 
sqlite/3.30.1 loaded 
pcre2/10.32 loaded 
nasm/2.13.03 loaded 
libjpeg-turbo/2.0.4 loaded 
libtiff/4.1.0 loaded 
jdk/8u181 loaded 
tk/8.6.8 loaded 
openssl/1.1.0i loaded 
curl/7.61.1 loaded 
gsl/2.6 loaded 
cairo/1.14.12 unloaded 
pixman/0.34.0 unloaded 
pixman/0.38.4 loaded 
glib/2.58.0 unloaded 
libxslt/1.1.32 unloaded 
libxml2/2.9.7 unloaded 
icu/63.1 loaded 
libxml2/2.9.7-icu-63.1 loaded 
libxslt/1.1.32-icu-63.1 loaded 
glib/2.58.2 loaded 
cairo/1.16.0 loaded 
harfbuzz/2.5.3 loaded 
gobject-introspection/1.61.1 loaded 
fribidi/1.0.4 loaded 
pango/1.43.0 loaded 
texlive/2018 loaded 
R/4.0.2 loaded 
WARNING: ignoring environment value of R_HOME
[1] "   total nodes in final route  ---> 51"
[1] "   n  ---> 51"
[1] "   n1 ---> 25"
[1] "   NUMBER OF ERRORS -> 0"
[1] "l  ---> 51"
[1] "n  ---> 51"
[1] "n1 ---> 25"
[1] "CW Result: instances/CHAO_MCTTRP_02.txt"
[1] "    Cost 834.619129176251"
[1] "    Time 7.07545971870422 seconds"
[1] "    N trucks 8"
[1] "    N trailers 4"
[1] "    PTR 4"
[1] "    PVR 1"
[1] "    CVR 3"
[1] "    Route:  0 4 7 17 20 18 24 9 0 22 35 21 45 8 0 25 6 14 39 26 43 42 38 6 0 28 50 41 11 16 33 0 30 37 31 0 5 36 27 23 13 5 12 2 10 0 15 40 29 49 47 15 1 19 0 44 46 32 34 3 48 0"
[1] ""
[1] "[[ Stopping criteria ]] Max time"
[1] "Problem 2| type_problem MCTTRP| descent 0| init cost (CW): 834.619129176251| cost ALNS: 771.01581780091"
[1] "[[ Stopping criteria ]] Max time"
[1] "Problem 2| type_problem MCTTRP| descent 0| init cost (CW): 834.619129176251| cost ALNS: 739.132333501088"
[1] "[[ Stopping criteria ]] Max time"
[1] "Problem 2| type_problem MCTTRP| descent 0| init cost (CW): 834.619129176251| cost ALNS: 723.185812434937"
[1] "[[ Stopping criteria ]] Max time"
[1] "Problem 2| type_problem MCTTRP| descent 0| init cost (CW): 834.619129176251| cost ALNS: 768.174092114619"
[1] "[[ Stopping criteria ]] Max time"
[1] "Problem 2| type_problem MCTTRP| descent 0| init cost (CW): 834.619129176251| cost ALNS: 778.604007333256"
[1] "[[ Stopping criteria ]] Max time"
[1] "Problem 2| type_problem MCTTRP| descent 0| init cost (CW): 834.619129176251| cost ALNS: 770.655771293217"
[1] "[[ Stopping criteria ]] Max time"
[1] "Problem 2| type_problem MCTTRP| descent 0| init cost (CW): 834.619129176251| cost ALNS: 787.161804837139"
[1] "[[ Stopping criteria ]] Max time"
[1] "Problem 2| type_problem MCTTRP| descent 0| init cost (CW): 834.619129176251| cost ALNS: 769.326439525328"
[1] "[[ Stopping criteria ]] Max time"
[1] "Problem 2| type_problem MCTTRP| descent 0| init cost (CW): 834.619129176251| cost ALNS: 767.080882422879"
[1] "[[ Stopping criteria ]] Max time"
[1] "Problem 2| type_problem MCTTRP| descent 0| init cost (CW): 834.619129176251| cost ALNS: 769.918797833154"
