slurmstepd: info: Setting TMPDIR to /scratch/6527247. Previous errors about TMPDIR can be discarded
binutils/2.31.1 loaded 
gcc/6.4.0 loaded 
openblas/0.3.9 loaded 
fftw/3.3.8 loaded 
sed/4.5 loaded 
bzip2/1.0.6 loaded 
zlib/1.2.11 loaded 
pcre/8.42 loaded 
grep/3.1 loaded 
ncurses/6.1 loaded 
libreadline/7.0 loaded 
gawk/4.2.1 loaded 
tar/1.30 loaded 
coreutils/8.30 loaded 
findutils/4.6.0 loaded 
gmp/6.1.2 loaded 
nettle/3.4 loaded 
expat/2.2.6 loaded 
libpng/1.6.37 loaded 
freetype/2.9.1 loaded 
fontconfig/2.13.1 loaded 
libgpg-error/1.32 loaded 
libgcrypt/1.8.3 loaded 
libxslt/1.1.32 loaded 
x11/20180604 loaded 
libdrm/2.4.94 loaded 
llvm/6.0.1 loaded 
mesa/18.3.6 loaded 
libglu/9.0.0 loaded 
pixman/0.34.0 loaded 
libffi/3.2.1 loaded 
xz/5.2.4 loaded 
libxml2/2.9.7 loaded 
gettext/0.19.8.1 loaded 
dbus/1.13.6 loaded 
util-linux/2.32 loaded 
glib/2.58.0 loaded 
cairo/1.14.12 loaded 
libreadline/7.0 unloaded 
libreadline/8.0 loaded 
tcl/8.6.8 loaded 
sqlite/3.30.1 loaded 
pcre2/10.32 loaded 
nasm/2.13.03 loaded 
libjpeg-turbo/2.0.4 loaded 
libtiff/4.1.0 loaded 
jdk/8u181 loaded 
tk/8.6.8 loaded 
openssl/1.1.0i loaded 
curl/7.61.1 loaded 
gsl/2.6 loaded 
cairo/1.14.12 unloaded 
pixman/0.34.0 unloaded 
pixman/0.38.4 loaded 
glib/2.58.0 unloaded 
libxslt/1.1.32 unloaded 
libxml2/2.9.7 unloaded 
icu/63.1 loaded 
libxml2/2.9.7-icu-63.1 loaded 
libxslt/1.1.32-icu-63.1 loaded 
glib/2.58.2 loaded 
cairo/1.16.0 loaded 
harfbuzz/2.5.3 loaded 
gobject-introspection/1.61.1 loaded 
fribidi/1.0.4 loaded 
pango/1.43.0 loaded 
texlive/2018 loaded 
R/4.0.2 loaded 
WARNING: ignoring environment value of R_HOME
Warning message:
NAs introduced by coercion 
[1] "init descent_search"
[1] "it 2228.6849629268 < 2299.68232356103 mov move_vc indexr1 10 indexr2 11 mov_list_cost 2228.6849629268 mov_list_cost_feas 0 mov_list$opt_reconf 0"
[1] "it 2178.87273458939 < 2223.40580487527 mov exchange_tc_two_routes indexr1 3 indexr2 11 mov_list_cost 2178.87273458939 mov_list_cost_feas 0 mov_list$opt_reconf 0"
[1] "it 2141.96948641469 < 2174.2142279614 mov move_tc indexr1 3 indexr2 10 mov_list_cost 2141.96948641469 mov_list_cost_feas 0 mov_list$opt_reconf 0"
[1] "it 2121.1522901844 < 2138.63711666295 mov move_subroute_same_route indexr1 11 indexr2 0 mov_list_cost 2121.1522901844 mov_list_cost_feas 1 mov_list$opt_reconf 1"
[1] "it 2073.80353252063 < 2120.78757098505 mov exchange_tc_two_routes indexr1 8 indexr2 11 mov_list_cost 2073.80353252063 mov_list_cost_feas 0 mov_list$opt_reconf 0"
[1] "it 2062.41977180779 < 2064.72785613496 mov exchange_tc_two_routes indexr1 5 indexr2 6 mov_list_cost 2062.41977180779 mov_list_cost_feas 0 mov_list$opt_reconf 0"
[1] "it 2060.8233679522 < 2062.41977180779 mov exchange_tc_two_routes indexr1 2 indexr2 10 mov_list_cost 2060.8233679522 mov_list_cost_feas 0 mov_list$opt_reconf 0"
[1] "it 2059.33828989208 < 2060.8233679522 mov move_subroute_same_route indexr1 5 indexr2 0 mov_list_cost 2059.33828989208 mov_list_cost_feas 3 mov_list$opt_reconf 1"
[1] "it 2056.28102651146 < 2059.33828989208 mov exchange_tc_two_routes indexr1 5 indexr2 6 mov_list_cost 2056.28102651146 mov_list_cost_feas 0 mov_list$opt_reconf 0"
[1] "it 2054.81714815576 < 2056.24755735874 mov move_tc indexr1 10 indexr2 1 mov_list_cost 2054.81714815576 mov_list_cost_feas 0 mov_list$opt_reconf 0"
[1] "it 1994.1874790625 < 2054.81714815576 mov exchange_tc_two_routes indexr1 8 indexr2 10 mov_list_cost 1994.1874790625 mov_list_cost_feas 0 mov_list$opt_reconf 0"
[1] "it 1975.43090694075 < 1980.32832865246 mov move_vc indexr1 2 indexr2 8 mov_list_cost 1975.43090694075 mov_list_cost_feas 0 mov_list$opt_reconf 0"
[1] "it 1972.28663163102 < 1973.7871981105 mov exchange_tc_two_routes indexr1 4 indexr2 8 mov_list_cost 1972.28663163102 mov_list_cost_feas 0 mov_list$opt_reconf 0"
[1] "it 1971.87843274808 < 1972.28663163102 mov exchange_tc_two_routes indexr1 5 indexr2 6 mov_list_cost 1971.87843274808 mov_list_cost_feas 0 mov_list$opt_reconf 0"
[1] "it 1971.24472641816 < 1971.87843274808 mov exchange_tc_two_routes indexr1 5 indexr2 6 mov_list_cost 1971.24472641816 mov_list_cost_feas 0 mov_list$opt_reconf 0"
[1] "it 1968.94596874674 < 1969.17324562054 mov exchange_tc_two_routes indexr1 9 indexr2 10 mov_list_cost 1968.94596874674 mov_list_cost_feas 0 mov_list$opt_reconf 0"
[1] "it 1968.89277801435 < 1968.90192623115 mov exchange_tc_two_routes indexr1 8 indexr2 11 mov_list_cost 1968.89277801435 mov_list_cost_feas 0 mov_list$opt_reconf 0"
[1] "   total nodes in final route  ---> 121"
[1] "   n  ---> 121"
[1] "   n1 ---> 30"
[1] "   NUMBER OF ERRORS -> 0"
[1] "l  ---> 121"
[1] "n  ---> 121"
[1] "n1 ---> 30"
[1] "CW Result: instances/CHAO_MCTTRP_18.txt"
[1] "    Cost 1968.90192623115"
[1] "    Time 147.673828363419 seconds"
[1] "    N trucks 11"
[1] "    N trailers 6"
[1] "    PTR 5"
[1] "    PVR 0"
[1] "    CVR 6"
[1] "    Route:  0 21 22 7 10 11 12 9 8 5 26 90 91 87 26 0 30 109 108 106 111 113 112 30 16 18 19 14 15 13 23 0 25 49 48 54 51 47 44 45 25 0 27 65 64 66 67 69 68 89 86 27 0 24 94 119 117 93 32 31 33 35 36 24 1 2 20 29 0 116 34 39 40 43 42 41 38 37 0 53 56 59 62 63 61 58 57 60 55 52 50 0 73 72 71 17 88 85 84 83 82 0 102 103 104 118 120 46 100 101 99 95 0 114 110 107 105 97 96 115 92 98 0 3 6 70 75 74 77 76 80 79 78 81 6 4 28 0"
[1] ""
[1] "1968.90192623115"
Error in seq.default(init_instance, end_instance, by = 100) : 
  'from' must be a finite number
Calls: seq -> seq.default
No traceback available 
Error in length(prob1_seeds) : object 'prob1_seeds' not found
3: stop("'from' must be a finite number")
2: seq.default(init_instance, end_instance, by = 100)
1: seq(init_instance, end_instance, by = 100)
