slurmstepd: info: Setting TMPDIR to /scratch/6528197. Previous errors about TMPDIR can be discarded
binutils/2.31.1 loaded 
gcc/6.4.0 loaded 
openblas/0.3.9 loaded 
fftw/3.3.8 loaded 
sed/4.5 loaded 
bzip2/1.0.6 loaded 
zlib/1.2.11 loaded 
pcre/8.42 loaded 
grep/3.1 loaded 
ncurses/6.1 loaded 
libreadline/7.0 loaded 
gawk/4.2.1 loaded 
tar/1.30 loaded 
coreutils/8.30 loaded 
findutils/4.6.0 loaded 
gmp/6.1.2 loaded 
nettle/3.4 loaded 
expat/2.2.6 loaded 
libpng/1.6.37 loaded 
freetype/2.9.1 loaded 
fontconfig/2.13.1 loaded 
libgpg-error/1.32 loaded 
libgcrypt/1.8.3 loaded 
libxslt/1.1.32 loaded 
x11/20180604 loaded 
libdrm/2.4.94 loaded 
llvm/6.0.1 loaded 
mesa/18.3.6 loaded 
libglu/9.0.0 loaded 
pixman/0.34.0 loaded 
libffi/3.2.1 loaded 
xz/5.2.4 loaded 
libxml2/2.9.7 loaded 
gettext/0.19.8.1 loaded 
dbus/1.13.6 loaded 
util-linux/2.32 loaded 
glib/2.58.0 loaded 
cairo/1.14.12 loaded 
libreadline/7.0 unloaded 
libreadline/8.0 loaded 
tcl/8.6.8 loaded 
sqlite/3.30.1 loaded 
pcre2/10.32 loaded 
nasm/2.13.03 loaded 
libjpeg-turbo/2.0.4 loaded 
libtiff/4.1.0 loaded 
jdk/8u181 loaded 
tk/8.6.8 loaded 
openssl/1.1.0i loaded 
curl/7.61.1 loaded 
gsl/2.6 loaded 
cairo/1.14.12 unloaded 
pixman/0.34.0 unloaded 
pixman/0.38.4 loaded 
glib/2.58.0 unloaded 
libxslt/1.1.32 unloaded 
libxml2/2.9.7 unloaded 
icu/63.1 loaded 
libxml2/2.9.7-icu-63.1 loaded 
libxslt/1.1.32-icu-63.1 loaded 
glib/2.58.2 loaded 
cairo/1.16.0 loaded 
harfbuzz/2.5.3 loaded 
gobject-introspection/1.61.1 loaded 
fribidi/1.0.4 loaded 
pango/1.43.0 loaded 
texlive/2018 loaded 
R/4.0.2 loaded 
WARNING: ignoring environment value of R_HOME
[1] "init descent_search"
[1] "it 1403.76174119837 < 1416.93363247962 mov move_tc indexr1 9 indexr2 2 mov_list_cost 1403.76174119837 mov_list_cost_feas 0 mov_list$opt_reconf 0"
[1] "it 1397.6419455634 < 1403.73514618375 mov move_tc indexr1 8 indexr2 3 mov_list_cost 1397.6419455634 mov_list_cost_feas 0 mov_list$opt_reconf 0"
[1] "it 1392.82887909157 < 1397.6419455634 mov exchange_tc_two_routes indexr1 4 indexr2 7 mov_list_cost 1392.82887909157 mov_list_cost_feas 0 mov_list$opt_reconf 0"
[1] "it 1388.25857591273 < 1392.82887909158 mov move_tc indexr1 1 indexr2 8 mov_list_cost 1388.25857591273 mov_list_cost_feas 0 mov_list$opt_reconf 0"
[1] "it 1385.61767255626 < 1388.25857591273 mov exchange_tc_two_routes indexr1 3 indexr2 8 mov_list_cost 1385.61767255626 mov_list_cost_feas 0 mov_list$opt_reconf 0"
[1] "it 1384.21790746313 < 1385.61767255626 mov move_tc indexr1 8 indexr2 1 mov_list_cost 1384.21790746313 mov_list_cost_feas 0 mov_list$opt_reconf 0"
[1] "it 1379.61393753003 < 1384.21790746313 mov exchange_tc_two_routes indexr1 1 indexr2 8 mov_list_cost 1379.61393753003 mov_list_cost_feas 0 mov_list$opt_reconf 0"
[1] "it 1362.30639269146 < 1379.61393753003 mov exchange_tc_two_routes indexr1 1 indexr2 8 mov_list_cost 1362.30639269146 mov_list_cost_feas 3.0383756431956e+180 mov_list$opt_reconf 0"
[1] "it 1360.29573274024 < 1362.30639269146 mov exchange_tc_two_routes indexr1 3 indexr2 8 mov_list_cost 1360.29573274024 mov_list_cost_feas 0 mov_list$opt_reconf 0"
[1] "it 1358.21096109439 < 1357.49773619552 mov exchange_tc_two_routes indexr1 2 indexr2 7 mov_list_cost 1358.21096109439 mov_list_cost_feas 0 mov_list$opt_reconf 0"
[1] "   total nodes in final route  ---> 101"
[1] "   n  ---> 101"
[1] "   n1 ---> 25"
[1] "   NUMBER OF ERRORS -> 0"
[1] "l  ---> 101"
[1] "n  ---> 101"
[1] "n1 ---> 25"
[1] "CW Result: instances/CHAO_MCTTRP_09.txt"
[1] "    Cost 1357.49773619552"
[1] "    Time 70.364933013916 seconds"
[1] "    N trucks 11"
[1] "    N trailers 6"
[1] "    PTR 5"
[1] "    PVR 0"
[1] "    CVR 6"
[1] "    Route:  0 5 2 21 18 12 17 4 65 29 83 4 0 11 25 22 23 6 98 100 91 85 93 99 30 6 0 7 24 14 1 9 51 87 97 63 9 0 15 16 3 8 20 42 60 80 69 28 77 35 8 10 0 19 31 82 56 55 32 54 39 84 19 0 27 62 52 41 74 75 61 72 73 40 0 92 50 59 44 76 57 46 43 0 89 96 64 95 94 36 0 13 66 38 86 53 37 13 0 70 71 45 47 90 68 34 67 88 0 79 78 49 33 81 48 58 26 0"
[1] ""
[1] "1357.49773619552"
[1] "[[ Stopping criteria ]] Max time"
[1] "Problem 9| type_problem MCTTRP| descent 1| init cost (CW): 1357.49773619552| cost ALNS: 1271.68865405361"
[1] "[[ Stopping criteria ]] Max time"
[1] "Problem 9| type_problem MCTTRP| descent 1| init cost (CW): 1357.49773619552| cost ALNS: 1260.70096179663"
[1] "[[ Stopping criteria ]] Max time"
[1] "Problem 9| type_problem MCTTRP| descent 1| init cost (CW): 1357.49773619552| cost ALNS: 1167.42869816967"
[1] "[[ Stopping criteria ]] Max time"
[1] "Problem 9| type_problem MCTTRP| descent 1| init cost (CW): 1357.49773619552| cost ALNS: 1278.42460845549"
[1] "[[ Stopping criteria ]] Max time"
[1] "Problem 9| type_problem MCTTRP| descent 1| init cost (CW): 1357.49773619552| cost ALNS: 1262.22613386661"
[1] "[[ Stopping criteria ]] Max time"
[1] "Problem 9| type_problem MCTTRP| descent 1| init cost (CW): 1357.49773619552| cost ALNS: 1243.30888245671"
[1] "[[ Stopping criteria ]] Max time"
[1] "Problem 9| type_problem MCTTRP| descent 1| init cost (CW): 1357.49773619552| cost ALNS: 1174.9932935731"
[1] "[[ Stopping criteria ]] Max time"
[1] "Problem 9| type_problem MCTTRP| descent 1| init cost (CW): 1357.49773619552| cost ALNS: 1251.32644247616"
[1] "[[ Stopping criteria ]] Max time"
[1] "Problem 9| type_problem MCTTRP| descent 1| init cost (CW): 1357.49773619552| cost ALNS: 1294.16024242701"
[1] "[[ Stopping criteria ]] Max time"
[1] "Problem 9| type_problem MCTTRP| descent 1| init cost (CW): 1357.49773619552| cost ALNS: 1251.13053165618"
