slurmstepd: info: Setting TMPDIR to /scratch/6527232. Previous errors about TMPDIR can be discarded
binutils/2.31.1 loaded 
gcc/6.4.0 loaded 
openblas/0.3.9 loaded 
fftw/3.3.8 loaded 
sed/4.5 loaded 
bzip2/1.0.6 loaded 
zlib/1.2.11 loaded 
pcre/8.42 loaded 
grep/3.1 loaded 
ncurses/6.1 loaded 
libreadline/7.0 loaded 
gawk/4.2.1 loaded 
tar/1.30 loaded 
coreutils/8.30 loaded 
findutils/4.6.0 loaded 
gmp/6.1.2 loaded 
nettle/3.4 loaded 
expat/2.2.6 loaded 
libpng/1.6.37 loaded 
freetype/2.9.1 loaded 
fontconfig/2.13.1 loaded 
libgpg-error/1.32 loaded 
libgcrypt/1.8.3 loaded 
libxslt/1.1.32 loaded 
x11/20180604 loaded 
libdrm/2.4.94 loaded 
llvm/6.0.1 loaded 
mesa/18.3.6 loaded 
libglu/9.0.0 loaded 
pixman/0.34.0 loaded 
libffi/3.2.1 loaded 
xz/5.2.4 loaded 
libxml2/2.9.7 loaded 
gettext/0.19.8.1 loaded 
dbus/1.13.6 loaded 
util-linux/2.32 loaded 
glib/2.58.0 loaded 
cairo/1.14.12 loaded 
libreadline/7.0 unloaded 
libreadline/8.0 loaded 
tcl/8.6.8 loaded 
sqlite/3.30.1 loaded 
pcre2/10.32 loaded 
nasm/2.13.03 loaded 
libjpeg-turbo/2.0.4 loaded 
libtiff/4.1.0 loaded 
jdk/8u181 loaded 
tk/8.6.8 loaded 
openssl/1.1.0i loaded 
curl/7.61.1 loaded 
gsl/2.6 loaded 
cairo/1.14.12 unloaded 
pixman/0.34.0 unloaded 
pixman/0.38.4 loaded 
glib/2.58.0 unloaded 
libxslt/1.1.32 unloaded 
libxml2/2.9.7 unloaded 
icu/63.1 loaded 
libxml2/2.9.7-icu-63.1 loaded 
libxslt/1.1.32-icu-63.1 loaded 
glib/2.58.2 loaded 
cairo/1.16.0 loaded 
harfbuzz/2.5.3 loaded 
gobject-introspection/1.61.1 loaded 
fribidi/1.0.4 loaded 
pango/1.43.0 loaded 
texlive/2018 loaded 
R/4.0.2 loaded 
WARNING: ignoring environment value of R_HOME
[1] "init descent_search"
[1] "it 953.767604685622 < 978.079936495985 mov exchange_tc_two_routes indexr1 6 indexr2 7 mov_list_cost 953.767604685622 mov_list_cost_feas 0 mov_list$opt_reconf 0"
[1] "it 929.95523647494 < 951.470707496207 mov move_vc indexr1 7 indexr2 2 mov_list_cost 929.95523647494 mov_list_cost_feas 0 mov_list$opt_reconf 0"
[1] "it 918.447314142137 < 928.33131898366 mov move_tc indexr1 6 indexr2 7 mov_list_cost 918.447314142137 mov_list_cost_feas 0 mov_list$opt_reconf 0"
[1] "it 914.882528763913 < 918.447314142136 mov exchange_tc_two_routes indexr1 2 indexr2 6 mov_list_cost 914.882528763913 mov_list_cost_feas 0 mov_list$opt_reconf 0"
[1] "it 912.058971050939 < 914.882528763913 mov move_tc indexr1 7 indexr2 8 mov_list_cost 912.058971050939 mov_list_cost_feas 0 mov_list$opt_reconf 0"
[1] "it 910.520756384023 < 912.058971050939 mov move_tc indexr1 3 indexr2 7 mov_list_cost 910.520756384023 mov_list_cost_feas 0 mov_list$opt_reconf 0"
[1] "it 909.081833689501 < 910.520756384023 mov move_tc indexr1 4 indexr2 5 mov_list_cost 909.081833689501 mov_list_cost_feas 0 mov_list$opt_reconf 0"
[1] "it 897.92664029306 < 909.081833689501 mov move_vc indexr1 2 indexr2 4 mov_list_cost 897.92664029306 mov_list_cost_feas 0 mov_list$opt_reconf 0"
[1] "it 897.090065294555 < 897.926640293059 mov move_tc indexr1 2 indexr2 6 mov_list_cost 897.090065294555 mov_list_cost_feas 0 mov_list$opt_reconf 0"
[1] "it 886.017528367291 < 897.090065294555 mov move_tc indexr1 6 indexr2 2 mov_list_cost 886.017528367291 mov_list_cost_feas 0 mov_list$opt_reconf 0"
[1] "it 885.790511921995 < 886.017528367291 mov move_tc indexr1 5 indexr2 1 mov_list_cost 885.790511921995 mov_list_cost_feas 0 mov_list$opt_reconf 0"
[1] "it 886.017528367291 < 885.790511921995 mov move_tc indexr1 1 indexr2 5 mov_list_cost 886.017528367291 mov_list_cost_feas 0 mov_list$opt_reconf 0"
[1] "   total nodes in final route  ---> 51"
[1] "   n  ---> 51"
[1] "   n1 ---> 13"
[1] "   NUMBER OF ERRORS -> 0"
[1] "l  ---> 51"
[1] "n  ---> 51"
[1] "n1 ---> 13"
[1] "CW Result: instances/CHAO_MCTTRP_03.txt"
[1] "    Cost 885.790511921995"
[1] "    Time 18.2778623104095 seconds"
[1] "    N trucks 8"
[1] "    N trailers 5"
[1] "    PTR 3"
[1] "    PVR 0"
[1] "    CVR 5"
[1] "    Route:  0 6 15 25 42 23 45 26 44 6 7 12 0 1 13 32 36 33 2 18 13 0 19 50 39 28 24 0 43 9 16 21 0 4 46 38 49 35 4 11 10 5 0 3 30 17 37 14 3 0 8 20 34 27 40 41 29 8 0 47 48 31 22 0"
[1] ""
[1] "885.790511921995"
[1] "[[ Stopping criteria ]] Max time"
[1] "Problem 3| type_problem MCTTRP| descent 1| init cost (CW): 885.790511921995| cost ALNS: 802.590335155215"
[1] "[[ Stopping criteria ]] Max time"
[1] "Problem 3| type_problem MCTTRP| descent 1| init cost (CW): 885.790511921995| cost ALNS: 792.505064120747"
[1] "[[ Stopping criteria ]] Max time"
[1] "Problem 3| type_problem MCTTRP| descent 1| init cost (CW): 885.790511921995| cost ALNS: 814.993120847642"
[1] "[[ Stopping criteria ]] Max time"
[1] "Problem 3| type_problem MCTTRP| descent 1| init cost (CW): 885.790511921995| cost ALNS: 823.148223428459"
[1] "[[ Stopping criteria ]] Max time"
[1] "Problem 3| type_problem MCTTRP| descent 1| init cost (CW): 885.790511921995| cost ALNS: 821.489800463784"
[1] "[[ Stopping criteria ]] Max time"
[1] "Problem 3| type_problem MCTTRP| descent 1| init cost (CW): 885.790511921995| cost ALNS: 796.986876620814"
[1] "[[ Stopping criteria ]] Max time"
[1] "Problem 3| type_problem MCTTRP| descent 1| init cost (CW): 885.790511921995| cost ALNS: 853.311805787562"
[1] "[[ Stopping criteria ]] Max time"
[1] "Problem 3| type_problem MCTTRP| descent 1| init cost (CW): 885.790511921995| cost ALNS: 795.721634631682"
[1] "[[ Stopping criteria ]] Max time"
[1] "Problem 3| type_problem MCTTRP| descent 1| init cost (CW): 885.790511921995| cost ALNS: 811.20234228502"
[1] "[[ Stopping criteria ]] Max time"
[1] "Problem 3| type_problem MCTTRP| descent 1| init cost (CW): 885.790511921995| cost ALNS: 802.893501983774"
