slurmstepd: info: Setting TMPDIR to /scratch/6528213. Previous errors about TMPDIR can be discarded
binutils/2.31.1 loaded 
gcc/6.4.0 loaded 
openblas/0.3.9 loaded 
fftw/3.3.8 loaded 
sed/4.5 loaded 
bzip2/1.0.6 loaded 
zlib/1.2.11 loaded 
pcre/8.42 loaded 
grep/3.1 loaded 
ncurses/6.1 loaded 
libreadline/7.0 loaded 
gawk/4.2.1 loaded 
tar/1.30 loaded 
coreutils/8.30 loaded 
findutils/4.6.0 loaded 
gmp/6.1.2 loaded 
nettle/3.4 loaded 
expat/2.2.6 loaded 
libpng/1.6.37 loaded 
freetype/2.9.1 loaded 
fontconfig/2.13.1 loaded 
libgpg-error/1.32 loaded 
libgcrypt/1.8.3 loaded 
libxslt/1.1.32 loaded 
x11/20180604 loaded 
libdrm/2.4.94 loaded 
llvm/6.0.1 loaded 
mesa/18.3.6 loaded 
libglu/9.0.0 loaded 
pixman/0.34.0 loaded 
libffi/3.2.1 loaded 
xz/5.2.4 loaded 
libxml2/2.9.7 loaded 
gettext/0.19.8.1 loaded 
dbus/1.13.6 loaded 
util-linux/2.32 loaded 
glib/2.58.0 loaded 
cairo/1.14.12 loaded 
libreadline/7.0 unloaded 
libreadline/8.0 loaded 
tcl/8.6.8 loaded 
sqlite/3.30.1 loaded 
pcre2/10.32 loaded 
nasm/2.13.03 loaded 
libjpeg-turbo/2.0.4 loaded 
libtiff/4.1.0 loaded 
jdk/8u181 loaded 
tk/8.6.8 loaded 
openssl/1.1.0i loaded 
curl/7.61.1 loaded 
gsl/2.6 loaded 
cairo/1.14.12 unloaded 
pixman/0.34.0 unloaded 
pixman/0.38.4 loaded 
glib/2.58.0 unloaded 
libxslt/1.1.32 unloaded 
libxml2/2.9.7 unloaded 
icu/63.1 loaded 
libxml2/2.9.7-icu-63.1 loaded 
libxslt/1.1.32-icu-63.1 loaded 
glib/2.58.2 loaded 
cairo/1.16.0 loaded 
harfbuzz/2.5.3 loaded 
gobject-introspection/1.61.1 loaded 
fribidi/1.0.4 loaded 
pango/1.43.0 loaded 
texlive/2018 loaded 
R/4.0.2 loaded 
WARNING: ignoring environment value of R_HOME
[1] "   total nodes in final route  ---> 151"
[1] "   n  ---> 151"
[1] "   n1 ---> 113"
[1] "   NUMBER OF ERRORS -> 0"
[1] "l  ---> 151"
[1] "n  ---> 151"
[1] "n1 ---> 113"
[1] "CW Result: instances/CHAO_MCTTRP_10.txt"
[1] "    Cost 1349.7030357168"
[1] "    Time 115.137817144394 seconds"
[1] "    N trucks 18"
[1] "    N trailers 9"
[1] "    PTR 9"
[1] "    PVR 8"
[1] "    CVR 1"
[1] "    Route:  0 2 26 133 141 119 19 100 126 0 8 150 134 130 132 90 58 0 9 66 32 107 33 11 44 109 103 0 17 54 57 43 18 51 29 105 3 85 0 22 131 1 146 86 0 23 104 84 99 42 20 113 21 80 41 0 30 55 56 147 118 31 110 139 114 45 0 34 96 35 28 108 37 48 7 82 15 95 47 0 38 78 39 79 102 49 53 50 98 16 24 94 0 46 12 88 13 63 4 0 14 62 142 125 116 89 14 0 91 75 76 70 64 71 72 87 0 106 65 148 123 124 92 10 0 111 40 81 61 36 5 112 67 25 97 0 115 74 138 137 127 136 122 135 73 0 117 83 143 129 69 145 120 52 77 0 144 59 27 121 101 93 6 60 0 149 140 128 68 0"
[1] ""
[1] "1349.7030357168"
[1] "[[ Stopping criteria ]] Max time"
[1] "Problem 10| type_problem MCTTRP| descent 0| init cost (CW): 1349.7030357168| cost ALNS: 1336.33166983304"
[1] "[[ Stopping criteria ]] Max time"
[1] "Problem 10| type_problem MCTTRP| descent 0| init cost (CW): 1349.7030357168| cost ALNS: 1348.4819385324"
[1] "[[ Stopping criteria ]] Max time"
[1] "Problem 10| type_problem MCTTRP| descent 0| init cost (CW): 1349.7030357168| cost ALNS: 1349.7030357168"
[1] "[[ Stopping criteria ]] Max time"
[1] "Problem 10| type_problem MCTTRP| descent 0| init cost (CW): 1349.7030357168| cost ALNS: 1345.45551843049"
[1] "[[ Stopping criteria ]] Max time"
[1] "Problem 10| type_problem MCTTRP| descent 0| init cost (CW): 1349.7030357168| cost ALNS: 1349.7030357168"
[1] "[[ Stopping criteria ]] Max time"
[1] "Problem 10| type_problem MCTTRP| descent 0| init cost (CW): 1349.7030357168| cost ALNS: 1346.4479690814"
[1] "[[ Stopping criteria ]] Max time"
[1] "Problem 10| type_problem MCTTRP| descent 0| init cost (CW): 1349.7030357168| cost ALNS: 1339.7051038381"
[1] "[[ Stopping criteria ]] Max time"
[1] "Problem 10| type_problem MCTTRP| descent 0| init cost (CW): 1349.7030357168| cost ALNS: 1339.4611331492"
[1] "[[ Stopping criteria ]] Max time"
[1] "Problem 10| type_problem MCTTRP| descent 0| init cost (CW): 1349.7030357168| cost ALNS: 1325.95370421368"
[1] "[[ Stopping criteria ]] Max time"
[1] "Problem 10| type_problem MCTTRP| descent 0| init cost (CW): 1349.7030357168| cost ALNS: 1349.7030357168"
