slurmstepd: info: Setting TMPDIR to /scratch/6528211. Previous errors about TMPDIR can be discarded
binutils/2.31.1 loaded 
gcc/6.4.0 loaded 
openblas/0.3.9 loaded 
fftw/3.3.8 loaded 
sed/4.5 loaded 
bzip2/1.0.6 loaded 
zlib/1.2.11 loaded 
pcre/8.42 loaded 
grep/3.1 loaded 
ncurses/6.1 loaded 
libreadline/7.0 loaded 
gawk/4.2.1 loaded 
tar/1.30 loaded 
coreutils/8.30 loaded 
findutils/4.6.0 loaded 
gmp/6.1.2 loaded 
nettle/3.4 loaded 
expat/2.2.6 loaded 
libpng/1.6.37 loaded 
freetype/2.9.1 loaded 
fontconfig/2.13.1 loaded 
libgpg-error/1.32 loaded 
libgcrypt/1.8.3 loaded 
libxslt/1.1.32 loaded 
x11/20180604 loaded 
libdrm/2.4.94 loaded 
llvm/6.0.1 loaded 
mesa/18.3.6 loaded 
libglu/9.0.0 loaded 
pixman/0.34.0 loaded 
libffi/3.2.1 loaded 
xz/5.2.4 loaded 
libxml2/2.9.7 loaded 
gettext/0.19.8.1 loaded 
dbus/1.13.6 loaded 
util-linux/2.32 loaded 
glib/2.58.0 loaded 
cairo/1.14.12 loaded 
libreadline/7.0 unloaded 
libreadline/8.0 loaded 
tcl/8.6.8 loaded 
sqlite/3.30.1 loaded 
pcre2/10.32 loaded 
nasm/2.13.03 loaded 
libjpeg-turbo/2.0.4 loaded 
libtiff/4.1.0 loaded 
jdk/8u181 loaded 
tk/8.6.8 loaded 
openssl/1.1.0i loaded 
curl/7.61.1 loaded 
gsl/2.6 loaded 
cairo/1.14.12 unloaded 
pixman/0.34.0 unloaded 
pixman/0.38.4 loaded 
glib/2.58.0 unloaded 
libxslt/1.1.32 unloaded 
libxml2/2.9.7 unloaded 
icu/63.1 loaded 
libxml2/2.9.7-icu-63.1 loaded 
libxslt/1.1.32-icu-63.1 loaded 
glib/2.58.2 loaded 
cairo/1.16.0 loaded 
harfbuzz/2.5.3 loaded 
gobject-introspection/1.61.1 loaded 
fribidi/1.0.4 loaded 
pango/1.43.0 loaded 
texlive/2018 loaded 
R/4.0.2 loaded 
WARNING: ignoring environment value of R_HOME
[1] "   total nodes in final route  ---> 101"
[1] "   n  ---> 101"
[1] "   n1 ---> 50"
[1] "   NUMBER OF ERRORS -> 0"
[1] "l  ---> 101"
[1] "n  ---> 101"
[1] "n1 ---> 50"
[1] "CW Result: instances/CHAO_MCTTRP_08.txt"
[1] "    Cost 1101.29832196576"
[1] "    Time 32.6391990184784 seconds"
[1] "    N trucks 12"
[1] "    N trailers 6"
[1] "    PTR 6"
[1] "    PVR 4"
[1] "    CVR 2"
[1] "    Route:  0 1 38 66 58 80 69 79 77 78 57 1 0 3 32 13 7 40 33 23 31 30 29 4 0 15 43 25 2 17 0 18 19 16 8 82 52 83 63 85 5 35 8 0 20 14 42 45 41 22 21 46 34 0 50 36 12 47 11 48 24 28 9 27 10 26 0 51 44 61 62 90 74 6 39 49 0 67 60 0 70 65 37 68 59 84 75 81 76 0 72 86 87 53 99 93 71 54 0 94 96 95 97 89 55 0 98 88 73 56 91 100 64 92 0"
[1] ""
[1] "1101.29832196576"
[1] "[[ Stopping criteria ]] Max time"
[1] "Problem 8| type_problem MCTTRP| descent 0| init cost (CW): 1101.29832196576| cost ALNS: 1044.91144341756"
[1] "[[ Stopping criteria ]] Max time"
[1] "Problem 8| type_problem MCTTRP| descent 0| init cost (CW): 1101.29832196576| cost ALNS: 1010.08979292153"
[1] "[[ Stopping criteria ]] Max time"
[1] "Problem 8| type_problem MCTTRP| descent 0| init cost (CW): 1101.29832196576| cost ALNS: 1045.39259376219"
[1] "[[ Stopping criteria ]] Max time"
[1] "Problem 8| type_problem MCTTRP| descent 0| init cost (CW): 1101.29832196576| cost ALNS: 1065.71845244098"
[1] "[[ Stopping criteria ]] Max time"
[1] "Problem 8| type_problem MCTTRP| descent 0| init cost (CW): 1101.29832196576| cost ALNS: 1021.05461703054"
[1] "[[ Stopping criteria ]] Max time"
[1] "Problem 8| type_problem MCTTRP| descent 0| init cost (CW): 1101.29832196576| cost ALNS: 1088.83546358604"
[1] "[[ Stopping criteria ]] Max time"
[1] "Problem 8| type_problem MCTTRP| descent 0| init cost (CW): 1101.29832196576| cost ALNS: 1042.3948585251"
[1] "[[ Stopping criteria ]] Max time"
[1] "Problem 8| type_problem MCTTRP| descent 0| init cost (CW): 1101.29832196576| cost ALNS: 1076.98930315945"
[1] "[[ Stopping criteria ]] Max time"
[1] "Problem 8| type_problem MCTTRP| descent 0| init cost (CW): 1101.29832196576| cost ALNS: 1066.4395258072"
[1] "[[ Stopping criteria ]] Max time"
[1] "Problem 8| type_problem MCTTRP| descent 0| init cost (CW): 1101.29832196576| cost ALNS: 1060.05655303762"
