slurmstepd: info: Setting TMPDIR to /scratch/6527244. Previous errors about TMPDIR can be discarded
binutils/2.31.1 loaded 
gcc/6.4.0 loaded 
openblas/0.3.9 loaded 
fftw/3.3.8 loaded 
sed/4.5 loaded 
bzip2/1.0.6 loaded 
zlib/1.2.11 loaded 
pcre/8.42 loaded 
grep/3.1 loaded 
ncurses/6.1 loaded 
libreadline/7.0 loaded 
gawk/4.2.1 loaded 
tar/1.30 loaded 
coreutils/8.30 loaded 
findutils/4.6.0 loaded 
gmp/6.1.2 loaded 
nettle/3.4 loaded 
expat/2.2.6 loaded 
libpng/1.6.37 loaded 
freetype/2.9.1 loaded 
fontconfig/2.13.1 loaded 
libgpg-error/1.32 loaded 
libgcrypt/1.8.3 loaded 
libxslt/1.1.32 loaded 
x11/20180604 loaded 
libdrm/2.4.94 loaded 
llvm/6.0.1 loaded 
mesa/18.3.6 loaded 
libglu/9.0.0 loaded 
pixman/0.34.0 loaded 
libffi/3.2.1 loaded 
xz/5.2.4 loaded 
libxml2/2.9.7 loaded 
gettext/0.19.8.1 loaded 
dbus/1.13.6 loaded 
util-linux/2.32 loaded 
glib/2.58.0 loaded 
cairo/1.14.12 loaded 
libreadline/7.0 unloaded 
libreadline/8.0 loaded 
tcl/8.6.8 loaded 
sqlite/3.30.1 loaded 
pcre2/10.32 loaded 
nasm/2.13.03 loaded 
libjpeg-turbo/2.0.4 loaded 
libtiff/4.1.0 loaded 
jdk/8u181 loaded 
tk/8.6.8 loaded 
openssl/1.1.0i loaded 
curl/7.61.1 loaded 
gsl/2.6 loaded 
cairo/1.14.12 unloaded 
pixman/0.34.0 unloaded 
pixman/0.38.4 loaded 
glib/2.58.0 unloaded 
libxslt/1.1.32 unloaded 
libxml2/2.9.7 unloaded 
icu/63.1 loaded 
libxml2/2.9.7-icu-63.1 loaded 
libxslt/1.1.32-icu-63.1 loaded 
glib/2.58.2 loaded 
cairo/1.16.0 loaded 
harfbuzz/2.5.3 loaded 
gobject-introspection/1.61.1 loaded 
fribidi/1.0.4 loaded 
pango/1.43.0 loaded 
texlive/2018 loaded 
R/4.0.2 loaded 
WARNING: ignoring environment value of R_HOME
Warning message:
NAs introduced by coercion 
[1] "init descent_search"
[1] "it 2109.46892635966 < 2129.74866664285 mov move_tc indexr1 22 indexr2 4 mov_list_cost 2109.46892635966 mov_list_cost_feas 0 mov_list$opt_reconf 0"
[1] "it 2098.25238876844 < 2109.46892635966 mov move_tc indexr1 13 indexr2 1 mov_list_cost 2098.25238876844 mov_list_cost_feas 0 mov_list$opt_reconf 0"
[1] "it 2092.98272847906 < 2098.25238876844 mov move_tc indexr1 4 indexr2 7 mov_list_cost 2092.98272847906 mov_list_cost_feas 0 mov_list$opt_reconf 0"
[1] "it 2088.57426569521 < 2092.98272847906 mov move_tc indexr1 9 indexr2 17 mov_list_cost 2088.57426569521 mov_list_cost_feas 0 mov_list$opt_reconf 0"
[1] "it 2086.2335288496 < 2088.54256168122 mov move_tc indexr1 7 indexr2 6 mov_list_cost 2086.2335288496 mov_list_cost_feas 0 mov_list$opt_reconf 0"
[1] "it 2083.76623882047 < 2085.85754532401 mov move_tc indexr1 4 indexr2 22 mov_list_cost 2083.76623882047 mov_list_cost_feas 0 mov_list$opt_reconf 0"
[1] "it 2082.21893863553 < 2083.76623882047 mov move_vc indexr1 14 indexr2 8 mov_list_cost 2082.21893863553 mov_list_cost_feas 0 mov_list$opt_reconf 0"
[1] "it 2080.90988818556 < 2082.21893863553 mov exchange_tc_two_routes indexr1 11 indexr2 23 mov_list_cost 2080.90988818556 mov_list_cost_feas 0 mov_list$opt_reconf 0"
[1] "it 2077.61626581652 < 2078.84927869876 mov exchange_vc_two_routes indexr1 5 indexr2 8 mov_list_cost 2077.61626581652 mov_list_cost_feas 0 mov_list$opt_reconf 0"
[1] "it 2075.74338720488 < 2076.53944215179 mov move_tc indexr1 17 indexr2 9 mov_list_cost 2075.74338720488 mov_list_cost_feas 0 mov_list$opt_reconf 0"
[1] "it 2073.27265821983 < 2075.74338720488 mov move_tc indexr1 9 indexr2 17 mov_list_cost 2073.27265821983 mov_list_cost_feas 0 mov_list$opt_reconf 0"
[1] "it 2072.94065612814 < 2073.27265821983 mov move_tc indexr1 21 indexr2 7 mov_list_cost 2072.94065612814 mov_list_cost_feas 0 mov_list$opt_reconf 0"
[1] "it 2072.07630542581 < 2072.94065612814 mov move_tc indexr1 4 indexr2 21 mov_list_cost 2072.07630542581 mov_list_cost_feas 0 mov_list$opt_reconf 0"
[1] "it 2072.10375008837 < 2072.07630542581 mov move_tc indexr1 1 indexr2 6 mov_list_cost 2072.10375008837 mov_list_cost_feas 0 mov_list$opt_reconf 0"
[1] "   total nodes in final route  ---> 200"
[1] "   n  ---> 200"
[1] "   n1 ---> 50"
[1] "   NUMBER OF ERRORS -> 0"
[1] "l  ---> 200"
[1] "n  ---> 200"
[1] "n1 ---> 50"
[1] "CW Result: instances/CHAO_MCTTRP_15.txt"
[1] "    Cost 2072.07630542581"
[1] "    Time 508.369851112366 seconds"
[1] "    N trucks 25"
[1] "    N trailers 13"
[1] "    PTR 12"
[1] "    PVR 0"
[1] "    CVR 13"
[1] "    Route:  0 1 112 91 156 107 1 31 39 14 3 20 41 38 0 5 29 15 12 40 17 22 49 32 189 60 32 45 0 42 13 6 25 47 7 48 171 68 148 48 8 0 9 99 83 51 179 9 0 28 43 149 74 169 121 126 167 43 0 50 57 16 36 82 173 138 50 0 19 161 124 194 69 123 84 164 19 0 33 46 185 101 143 137 70 46 11 37 23 27 24 35 0 34 118 193 109 191 63 21 176 105 34 4 0 93 166 53 100 132 196 0 95 97 98 147 67 174 96 0 104 199 139 81 177 58 130 0 44 55 134 90 44 0 26 119 10 168 142 188 65 26 0 56 114 89 110 159 115 113 133 0 145 72 92 140 61 178 125 64 0 2 76 152 30 153 80 135 192 2 0 154 141 190 71 170 94 146 0 157 195 127 62 150 162 0 160 88 52 181 131 66 182 0 184 158 102 129 183 155 108 0 18 120 165 73 103 136 59 18 0 172 86 187 151 77 186 87 197 0 117 122 111 106 116 75 79 175 0 180 85 144 163 54 128 198 78 0"
[1] ""
[1] "2072.07630542581"
Error in seq.default(init_instance, end_instance, by = 100) : 
  'from' must be a finite number
Calls: seq -> seq.default
No traceback available 
Error in length(prob1_seeds) : object 'prob1_seeds' not found
3: stop("'from' must be a finite number")
2: seq.default(init_instance, end_instance, by = 100)
1: seq(init_instance, end_instance, by = 100)
