slurmstepd: info: Setting TMPDIR to /scratch/6528208. Previous errors about TMPDIR can be discarded
binutils/2.31.1 loaded 
gcc/6.4.0 loaded 
openblas/0.3.9 loaded 
fftw/3.3.8 loaded 
sed/4.5 loaded 
bzip2/1.0.6 loaded 
zlib/1.2.11 loaded 
pcre/8.42 loaded 
grep/3.1 loaded 
ncurses/6.1 loaded 
libreadline/7.0 loaded 
gawk/4.2.1 loaded 
tar/1.30 loaded 
coreutils/8.30 loaded 
findutils/4.6.0 loaded 
gmp/6.1.2 loaded 
nettle/3.4 loaded 
expat/2.2.6 loaded 
libpng/1.6.37 loaded 
freetype/2.9.1 loaded 
fontconfig/2.13.1 loaded 
libgpg-error/1.32 loaded 
libgcrypt/1.8.3 loaded 
libxslt/1.1.32 loaded 
x11/20180604 loaded 
libdrm/2.4.94 loaded 
llvm/6.0.1 loaded 
mesa/18.3.6 loaded 
libglu/9.0.0 loaded 
pixman/0.34.0 loaded 
libffi/3.2.1 loaded 
xz/5.2.4 loaded 
libxml2/2.9.7 loaded 
gettext/0.19.8.1 loaded 
dbus/1.13.6 loaded 
util-linux/2.32 loaded 
glib/2.58.0 loaded 
cairo/1.14.12 loaded 
libreadline/7.0 unloaded 
libreadline/8.0 loaded 
tcl/8.6.8 loaded 
sqlite/3.30.1 loaded 
pcre2/10.32 loaded 
nasm/2.13.03 loaded 
libjpeg-turbo/2.0.4 loaded 
libtiff/4.1.0 loaded 
jdk/8u181 loaded 
tk/8.6.8 loaded 
openssl/1.1.0i loaded 
curl/7.61.1 loaded 
gsl/2.6 loaded 
cairo/1.14.12 unloaded 
pixman/0.34.0 unloaded 
pixman/0.38.4 loaded 
glib/2.58.0 unloaded 
libxslt/1.1.32 unloaded 
libxml2/2.9.7 unloaded 
icu/63.1 loaded 
libxml2/2.9.7-icu-63.1 loaded 
libxslt/1.1.32-icu-63.1 loaded 
glib/2.58.2 loaded 
cairo/1.16.0 loaded 
harfbuzz/2.5.3 loaded 
gobject-introspection/1.61.1 loaded 
fribidi/1.0.4 loaded 
pango/1.43.0 loaded 
texlive/2018 loaded 
R/4.0.2 loaded 
WARNING: ignoring environment value of R_HOME
[1] "init descent_search"
[1] "it 1187.17874312974 < 1216.45691617867 mov exchange_movement_change_parking indexr1 1 indexr2 2 mov_list_cost 1187.17874312974 mov_list_cost_feas 1 mov_list$opt_reconf 3"
[1] "it 1179.83185898918 < 1182.82593916352 mov move_vc indexr1 12 indexr2 8 mov_list_cost 1179.83185898918 mov_list_cost_feas 0 mov_list$opt_reconf 0"
[1] "it 1171.50465500907 < 1179.83185898918 mov move_tc indexr1 6 indexr2 12 mov_list_cost 1171.50465500907 mov_list_cost_feas 0 mov_list$opt_reconf 0"
[1] "it 1152.48473249436 < 1171.46244482138 mov exchange_movement_change_parking indexr1 6 indexr2 5 mov_list_cost 1152.48473249436 mov_list_cost_feas 0 mov_list$opt_reconf 3"
[1] "it 1150.19394433855 < 1152.48473249436 mov move_vc indexr1 5 indexr2 6 mov_list_cost 1150.19394433855 mov_list_cost_feas 0 mov_list$opt_reconf 0"
[1] "it 1148.50991958349 < 1150.19394433855 mov move_tc indexr1 10 indexr2 11 mov_list_cost 1148.50991958349 mov_list_cost_feas 0 mov_list$opt_reconf 0"
[1] "it 1126.72112898713 < 1148.50991958349 mov move_tc indexr1 10 indexr2 11 mov_list_cost 1126.72112898713 mov_list_cost_feas 0 mov_list$opt_reconf 0"
[1] "it 1125.27900300192 < 1126.72112898713 mov move_vc indexr1 5 indexr2 3 mov_list_cost 1125.27900300192 mov_list_cost_feas 0 mov_list$opt_reconf 0"
[1] "it 1125.27900300192 < 1125.27900300193 mov exchange_movement_change_parking indexr1 11 indexr2 1 mov_list_cost 1125.27900300192 mov_list_cost_feas 0 mov_list$opt_reconf 3"
[1] "   total nodes in final route  ---> 101"
[1] "   n  ---> 101"
[1] "   n1 ---> 50"
[1] "   NUMBER OF ERRORS -> 0"
[1] "l  ---> 101"
[1] "n  ---> 101"
[1] "n1 ---> 50"
[1] "CW Result: instances/CHAO_MCTTRP_20.txt"
[1] "    Cost 1125.27900300193"
[1] "    Time 61.0380876064301 seconds"
[1] "    N trucks 13"
[1] "    N trailers 8"
[1] "    PTR 5"
[1] "    PVR 3"
[1] "    CVR 5"
[1] "    Route:  0 2 0 8 7 5 6 9 60 59 4 5 49 46 48 0 10 68 66 67 70 69 21 81 79 0 12 11 14 16 17 72 71 15 13 11 0 23 24 85 83 22 23 20 19 0 25 31 0 33 30 27 28 35 36 37 38 39 40 42 0 41 99 98 34 96 94 95 97 29 91 93 0 45 44 100 43 47 50 45 0 62 63 65 64 61 0 32 55 53 56 57 3 58 1 54 52 51 32 0 26 89 87 82 84 86 76 77 80 78 0 88 90 92 74 73 75 18 0"
[1] ""
[1] "1125.27900300193"
[1] "[[ Stopping criteria ]] Max time"
[1] "Problem 20| type_problem MCTTRP| descent 1| init cost (CW): 1125.27900300193| cost ALNS: 1043.03533647709"
[1] "[[ Stopping criteria ]] Max time"
[1] "Problem 20| type_problem MCTTRP| descent 1| init cost (CW): 1125.27900300193| cost ALNS: 1027.37537317459"
[1] "[[ Stopping criteria ]] Max time"
[1] "Problem 20| type_problem MCTTRP| descent 1| init cost (CW): 1125.27900300193| cost ALNS: 981.307533559394"
[1] "[[ Stopping criteria ]] Max time"
[1] "Problem 20| type_problem MCTTRP| descent 1| init cost (CW): 1125.27900300193| cost ALNS: 1052.64694455498"
[1] "[[ Stopping criteria ]] Max time"
[1] "Problem 20| type_problem MCTTRP| descent 1| init cost (CW): 1125.27900300193| cost ALNS: 985.088503364233"
[1] "[[ Stopping criteria ]] Max time"
[1] "Problem 20| type_problem MCTTRP| descent 1| init cost (CW): 1125.27900300193| cost ALNS: 1060.47593959445"
[1] "[[ Stopping criteria ]] Max time"
[1] "Problem 20| type_problem MCTTRP| descent 1| init cost (CW): 1125.27900300193| cost ALNS: 1042.90838569542"
[1] "[[ Stopping criteria ]] Max time"
[1] "Problem 20| type_problem MCTTRP| descent 1| init cost (CW): 1125.27900300193| cost ALNS: 1008.82696940573"
[1] "[[ Stopping criteria ]] Max time"
[1] "Problem 20| type_problem MCTTRP| descent 1| init cost (CW): 1125.27900300193| cost ALNS: 1054.64851910871"
[1] "[[ Stopping criteria ]] Max time"
[1] "Problem 20| type_problem MCTTRP| descent 1| init cost (CW): 1125.27900300193| cost ALNS: 973.182625942169"
