slurmstepd: info: Setting TMPDIR to /scratch/6528196. Previous errors about TMPDIR can be discarded
binutils/2.31.1 loaded 
gcc/6.4.0 loaded 
openblas/0.3.9 loaded 
fftw/3.3.8 loaded 
sed/4.5 loaded 
bzip2/1.0.6 loaded 
zlib/1.2.11 loaded 
pcre/8.42 loaded 
grep/3.1 loaded 
ncurses/6.1 loaded 
libreadline/7.0 loaded 
gawk/4.2.1 loaded 
tar/1.30 loaded 
coreutils/8.30 loaded 
findutils/4.6.0 loaded 
gmp/6.1.2 loaded 
nettle/3.4 loaded 
expat/2.2.6 loaded 
libpng/1.6.37 loaded 
freetype/2.9.1 loaded 
fontconfig/2.13.1 loaded 
libgpg-error/1.32 loaded 
libgcrypt/1.8.3 loaded 
libxslt/1.1.32 loaded 
x11/20180604 loaded 
libdrm/2.4.94 loaded 
llvm/6.0.1 loaded 
mesa/18.3.6 loaded 
libglu/9.0.0 loaded 
pixman/0.34.0 loaded 
libffi/3.2.1 loaded 
xz/5.2.4 loaded 
libxml2/2.9.7 loaded 
gettext/0.19.8.1 loaded 
dbus/1.13.6 loaded 
util-linux/2.32 loaded 
glib/2.58.0 loaded 
cairo/1.14.12 loaded 
libreadline/7.0 unloaded 
libreadline/8.0 loaded 
tcl/8.6.8 loaded 
sqlite/3.30.1 loaded 
pcre2/10.32 loaded 
nasm/2.13.03 loaded 
libjpeg-turbo/2.0.4 loaded 
libtiff/4.1.0 loaded 
jdk/8u181 loaded 
tk/8.6.8 loaded 
openssl/1.1.0i loaded 
curl/7.61.1 loaded 
gsl/2.6 loaded 
cairo/1.14.12 unloaded 
pixman/0.34.0 unloaded 
pixman/0.38.4 loaded 
glib/2.58.0 unloaded 
libxslt/1.1.32 unloaded 
libxml2/2.9.7 unloaded 
icu/63.1 loaded 
libxml2/2.9.7-icu-63.1 loaded 
libxslt/1.1.32-icu-63.1 loaded 
glib/2.58.2 loaded 
cairo/1.16.0 loaded 
harfbuzz/2.5.3 loaded 
gobject-introspection/1.61.1 loaded 
fribidi/1.0.4 loaded 
pango/1.43.0 loaded 
texlive/2018 loaded 
R/4.0.2 loaded 
WARNING: ignoring environment value of R_HOME
[1] "init descent_search"
[1] "it 1089.48139498234 < 1096.15377081564 mov move_vc indexr1 2 indexr2 6 mov_list_cost 1089.48139498234 mov_list_cost_feas 0 mov_list$opt_reconf 0"
[1] "it 1083.04210736801 < 1088.84498954409 mov move_vc indexr1 6 indexr2 2 mov_list_cost 1083.04210736801 mov_list_cost_feas 0 mov_list$opt_reconf 0"
[1] "it 1077.1698135447 < 1080.97720836584 mov exchange_vc_two_routes indexr1 2 indexr2 6 mov_list_cost 1077.1698135447 mov_list_cost_feas 0 mov_list$opt_reconf 0"
[1] "it 1074.49344119898 < 1076.36261397492 mov move_vc indexr1 7 indexr2 5 mov_list_cost 1074.49344119898 mov_list_cost_feas 0 mov_list$opt_reconf 0"
[1] "it 1066.38650678475 < 1074.49344119898 mov move_tc indexr1 9 indexr2 7 mov_list_cost 1066.38650678475 mov_list_cost_feas 0 mov_list$opt_reconf 0"
[1] "it 1065.39879584457 < 1066.38650678475 mov move_vc indexr1 2 indexr2 6 mov_list_cost 1065.39879584457 mov_list_cost_feas 0 mov_list$opt_reconf 0"
[1] "it 1066.38580007426 < 1065.39879584457 mov move_vc indexr1 4 indexr2 5 mov_list_cost 1066.38580007426 mov_list_cost_feas 0 mov_list$opt_reconf 0"
[1] "   total nodes in final route  ---> 101"
[1] "   n  ---> 101"
[1] "   n1 ---> 50"
[1] "   NUMBER OF ERRORS -> 0"
[1] "l  ---> 101"
[1] "n  ---> 101"
[1] "n1 ---> 50"
[1] "CW Result: instances/CHAO_MCTTRP_08.txt"
[1] "    Cost 1065.39879584457"
[1] "    Time 57.3979833126068 seconds"
[1] "    N trucks 12"
[1] "    N trailers 6"
[1] "    PTR 6"
[1] "    PVR 4"
[1] "    CVR 2"
[1] "    Route:  0 1 38 66 58 79 80 69 77 78 57 1 0 36 3 13 7 40 33 23 31 32 47 0 15 43 25 2 17 0 18 19 16 8 82 52 83 63 85 5 35 8 0 20 44 14 42 41 45 22 21 46 34 0 26 10 27 9 28 24 48 11 29 30 4 12 50 0 76 51 61 62 90 74 6 39 49 0 67 60 0 81 75 84 37 68 59 65 70 0 72 86 87 53 93 71 99 54 0 94 96 95 97 89 55 0 98 88 73 56 91 100 64 92 0"
[1] ""
[1] "1065.39879584457"
[1] "[[ Stopping criteria ]] Max time"
[1] "Problem 8| type_problem MCTTRP| descent 1| init cost (CW): 1065.39879584457| cost ALNS: 1054.08393320921"
[1] "[[ Stopping criteria ]] Max time"
[1] "Problem 8| type_problem MCTTRP| descent 1| init cost (CW): 1065.39879584457| cost ALNS: 1030.52942798653"
[1] "[[ Stopping criteria ]] Max time"
[1] "Problem 8| type_problem MCTTRP| descent 1| init cost (CW): 1065.39879584457| cost ALNS: 1027.40859000395"
[1] "[[ Stopping criteria ]] Max time"
[1] "Problem 8| type_problem MCTTRP| descent 1| init cost (CW): 1065.39879584457| cost ALNS: 1038.05484168775"
[1] "[[ Stopping criteria ]] Max time"
[1] "Problem 8| type_problem MCTTRP| descent 1| init cost (CW): 1065.39879584457| cost ALNS: 1024.00134733988"
[1] "[[ Stopping criteria ]] Max time"
[1] "Problem 8| type_problem MCTTRP| descent 1| init cost (CW): 1065.39879584457| cost ALNS: 1050.43078914398"
[1] "[[ Stopping criteria ]] Max time"
[1] "Problem 8| type_problem MCTTRP| descent 1| init cost (CW): 1065.39879584457| cost ALNS: 1057.96567814006"
[1] "[[ Stopping criteria ]] Max time"
[1] "Problem 8| type_problem MCTTRP| descent 1| init cost (CW): 1065.39879584457| cost ALNS: 1009.57833082811"
[1] "[[ Stopping criteria ]] Max time"
[1] "Problem 8| type_problem MCTTRP| descent 1| init cost (CW): 1065.39879584457| cost ALNS: 1034.09443914653"
[1] "[[ Stopping criteria ]] Max time"
[1] "Problem 8| type_problem MCTTRP| descent 1| init cost (CW): 1065.39879584457| cost ALNS: 1030.01932581446"
